This file contains any messages produced by compilers while
running configure, to aid debugging if configure makes a mistake.

It was created by Parafly configure 0.1, which was
generated by GNU Autoconf 2.63.  Invocation command line was

  $ ./configure --prefix=/home/bhaas/GITHUB/trinityrnaseq/trinity-plugins/ParaFly CXX=g++ CC=gcc CFLAGS=-fopenmp CXXFLAGS=-fopenmp

## --------- ##
## Platform. ##
## --------- ##

hostname = smileemptysoul
uname -m = x86_64
uname -r = 5.4.0-1044-gcp
uname -s = Linux
uname -v = #47~18.04.2-Ubuntu SMP Mon May 17 03:48:15 UTC 2021

/usr/bin/uname -p = unknown
/bin/uname -X     = unknown

/bin/arch              = unknown
/usr/bin/arch -k       = unknown
/usr/convex/getsysinfo = unknown
/usr/bin/hostinfo      = unknown
/bin/machine           = unknown
/usr/bin/oslevel       = unknown
/bin/universe          = unknown

PATH: /home/bhaas/.local/bin
PATH: /usr/local/go/bin
PATH: /usr/local/bin
PATH: /home/bhaas/anaconda3/bin
PATH: /usr/local/sbin
PATH: /usr/local/bin
PATH: /usr/sbin
PATH: /usr/bin
PATH: /sbin
PATH: /bin
PATH: /usr/games
PATH: /usr/local/games
PATH: /snap/bin
PATH: /home/bhaas/.local/bin
PATH: /home/bhaas/utilities
PATH: /home/bhaas/BIN


## ----------- ##
## Core tests. ##
## ----------- ##

configure:1831: checking for a BSD-compatible install
configure:1899: result: /usr/bin/install -c
configure:1910: checking whether build environment is sane
configure:1970: result: yes
configure:2111: checking for a thread-safe mkdir -p
configure:2150: result: /bin/mkdir -p
configure:2163: checking for gawk
configure:2179: found /usr/bin/gawk
configure:2190: result: gawk
configure:2201: checking whether make sets $(MAKE)
configure:2223: result: yes
configure:2423: checking for C++ compiler version
configure:2431: g++ --version >&5
g++ (Ubuntu 7.5.0-3ubuntu1~18.04) 7.5.0
Copyright (C) 2017 Free Software Foundation, Inc.
This is free software; see the source for copying conditions.  There is NO
warranty; not even for MERCHANTABILITY or FITNESS FOR A PARTICULAR PURPOSE.

configure:2435: $? = 0
configure:2442: g++ -v >&5
Using built-in specs.
COLLECT_GCC=g++
COLLECT_LTO_WRAPPER=/usr/lib/gcc/x86_64-linux-gnu/7/lto-wrapper
OFFLOAD_TARGET_NAMES=nvptx-none
OFFLOAD_TARGET_DEFAULT=1
Target: x86_64-linux-gnu
Configured with: ../src/configure -v --with-pkgversion='Ubuntu 7.5.0-3ubuntu1~18.04' --with-bugurl=file:///usr/share/doc/gcc-7/README.Bugs --enable-languages=c,ada,c++,go,brig,d,fortran,objc,obj-c++ --prefix=/usr --with-gcc-major-version-only --program-suffix=-7 --program-prefix=x86_64-linux-gnu- --enable-shared --enable-linker-build-id --libexecdir=/usr/lib --without-included-gettext --enable-threads=posix --libdir=/usr/lib --enable-nls --enable-bootstrap --enable-clocale=gnu --enable-libstdcxx-debug --enable-libstdcxx-time=yes --with-default-libstdcxx-abi=new --enable-gnu-unique-object --disable-vtable-verify --enable-libmpx --enable-plugin --enable-default-pie --with-system-zlib --with-target-system-zlib --enable-objc-gc=auto --enable-multiarch --disable-werror --with-arch-32=i686 --with-abi=m64 --with-multilib-list=m32,m64,mx32 --enable-multilib --with-tune=generic --enable-offload-targets=nvptx-none --without-cuda-driver --enable-checking=release --build=x86_64-linux-gnu --host=x86_64-linux-gnu --target=x86_64-linux-gnu
Thread model: posix
gcc version 7.5.0 (Ubuntu 7.5.0-3ubuntu1~18.04) 
configure:2446: $? = 0
configure:2453: g++ -V >&5
g++: error: unrecognized command line option '-V'
g++: fatal error: no input files
compilation terminated.
configure:2457: $? = 1
configure:2480: checking for C++ compiler default output file name
configure:2502: g++ -fopenmp   conftest.cpp  >&5
configure:2506: $? = 0
configure:2544: result: a.out
configure:2563: checking whether the C++ compiler works
configure:2573: ./a.out
configure:2577: $? = 0
configure:2596: result: yes
configure:2603: checking whether we are cross compiling
configure:2605: result: no
configure:2608: checking for suffix of executables
configure:2615: g++ -o conftest -fopenmp   conftest.cpp  >&5
configure:2619: $? = 0
configure:2645: result: 
configure:2651: checking for suffix of object files
configure:2677: g++ -c -fopenmp  conftest.cpp >&5
configure:2681: $? = 0
configure:2706: result: o
configure:2710: checking whether we are using the GNU C++ compiler
configure:2739: g++ -c -fopenmp  conftest.cpp >&5
configure:2746: $? = 0
configure:2763: result: yes
configure:2772: checking whether g++ accepts -g
configure:2802: g++ -c -g  conftest.cpp >&5
configure:2809: $? = 0
configure:2910: result: yes
configure:2944: checking for style of include used by make
configure:2972: result: GNU
configure:2997: checking dependency style of g++
configure:3107: result: gcc3
configure:3134: checking for library containing cos
configure:3175: g++ -o conftest -fopenmp   conftest.cpp  >&5
conftest.cpp:17:6: warning: declaration of 'char cos()' conflicts with built-in declaration 'double cos(double)' [-Wbuiltin-declaration-mismatch]
 char cos ();
      ^~~
configure:3182: $? = 0
configure:3213: result: none required
configure:3349: creating ./config.status

## ---------------------- ##
## Running config.status. ##
## ---------------------- ##

This file was extended by Parafly config.status 0.1, which was
generated by GNU Autoconf 2.63.  Invocation command line was

  CONFIG_FILES    = 
  CONFIG_HEADERS  = 
  CONFIG_LINKS    = 
  CONFIG_COMMANDS = 
  $ ./config.status 

on smileemptysoul

config.status:760: creating Makefile
config.status:760: creating src/Makefile
config.status:760: creating config.h
config.status:982: config.h is unchanged
config.status:1034: executing depfiles commands

## ---------------- ##
## Cache variables. ##
## ---------------- ##

ac_cv_cxx_compiler_gnu=yes
ac_cv_env_CCC_set=
ac_cv_env_CCC_value=
ac_cv_env_CPPFLAGS_set=
ac_cv_env_CPPFLAGS_value=
ac_cv_env_CXXFLAGS_set=set
ac_cv_env_CXXFLAGS_value=-fopenmp
ac_cv_env_CXX_set=set
ac_cv_env_CXX_value=g++
ac_cv_env_LDFLAGS_set=
ac_cv_env_LDFLAGS_value=
ac_cv_env_LIBS_set=
ac_cv_env_LIBS_value=
ac_cv_env_build_alias_set=
ac_cv_env_build_alias_value=
ac_cv_env_host_alias_set=
ac_cv_env_host_alias_value=
ac_cv_env_target_alias_set=
ac_cv_env_target_alias_value=
ac_cv_objext=o
ac_cv_path_install='/usr/bin/install -c'
ac_cv_path_mkdir=/bin/mkdir
ac_cv_prog_AWK=gawk
ac_cv_prog_cxx_g=yes
ac_cv_prog_make_make_set=yes
ac_cv_search_cos='none required'
am_cv_CXX_dependencies_compiler_type=gcc3

## ----------------- ##
## Output variables. ##
## ----------------- ##

ACLOCAL='${SHELL} /home/bhaas/GITHUB/trinityrnaseq/trinity-plugins/ParaFly/missing --run aclocal-1.11'
AMDEPBACKSLASH='\'
AMDEP_FALSE='#'
AMDEP_TRUE=''
AMTAR='${SHELL} /home/bhaas/GITHUB/trinityrnaseq/trinity-plugins/ParaFly/missing --run tar'
AM_CXXFLAGS='-pedantic -fopenmp -Wall -Wextra -Wno-long-long -Wno-deprecated -m64'
AUTOCONF='${SHELL} /home/bhaas/GITHUB/trinityrnaseq/trinity-plugins/ParaFly/missing --run autoconf'
AUTOHEADER='${SHELL} /home/bhaas/GITHUB/trinityrnaseq/trinity-plugins/ParaFly/missing --run autoheader'
AUTOMAKE='${SHELL} /home/bhaas/GITHUB/trinityrnaseq/trinity-plugins/ParaFly/missing --run automake-1.11'
AWK='gawk'
CPPFLAGS=''
CXX='g++'
CXXDEPMODE='depmode=gcc3'
CXXFLAGS='-fopenmp'
CYGPATH_W='echo'
DEFS='-DHAVE_CONFIG_H'
DEPDIR='.deps'
ECHO_C=''
ECHO_N='-n'
ECHO_T=''
EXEEXT=''
INSTALL_DATA='${INSTALL} -m 644'
INSTALL_PROGRAM='${INSTALL}'
INSTALL_SCRIPT='${INSTALL}'
INSTALL_STRIP_PROGRAM='$(install_sh) -c -s'
LDFLAGS=''
LIBOBJS=''
LIBS=''
LTLIBOBJS=''
MAKEINFO='${SHELL} /home/bhaas/GITHUB/trinityrnaseq/trinity-plugins/ParaFly/missing --run makeinfo'
MKDIR_P='/bin/mkdir -p'
OBJEXT='o'
PACKAGE='parafly'
PACKAGE_BUGREPORT='bug-report@address'
PACKAGE_NAME='Parafly'
PACKAGE_STRING='Parafly 0.1'
PACKAGE_TARNAME='parafly'
PACKAGE_VERSION='0.1'
PATH_SEPARATOR=':'
SET_MAKE=''
SHELL='/bin/bash'
STRIP=''
VERSION='0.1'
ac_ct_CXX=''
am__EXEEXT_FALSE=''
am__EXEEXT_TRUE='#'
am__fastdepCXX_FALSE='#'
am__fastdepCXX_TRUE=''
am__include='include'
am__isrc=''
am__leading_dot='.'
am__quote=''
am__tar='${AMTAR} chof - "$$tardir"'
am__untar='${AMTAR} xf -'
bindir='${exec_prefix}/bin'
build_alias=''
datadir='${datarootdir}'
datarootdir='${prefix}/share'
docdir='${datarootdir}/doc/${PACKAGE_TARNAME}'
dvidir='${docdir}'
exec_prefix='${prefix}'
host_alias=''
htmldir='${docdir}'
includedir='${prefix}/include'
infodir='${datarootdir}/info'
install_sh='${SHELL} /home/bhaas/GITHUB/trinityrnaseq/trinity-plugins/ParaFly/install-sh'
libdir='${exec_prefix}/lib'
libexecdir='${exec_prefix}/libexec'
localedir='${datarootdir}/locale'
localstatedir='${prefix}/var'
mandir='${datarootdir}/man'
mkdir_p='/bin/mkdir -p'
oldincludedir='/usr/include'
pdfdir='${docdir}'
prefix='/home/bhaas/GITHUB/trinityrnaseq/trinity-plugins/ParaFly'
program_transform_name='s,x,x,'
psdir='${docdir}'
sbindir='${exec_prefix}/sbin'
sharedstatedir='${prefix}/com'
sysconfdir='${prefix}/etc'
target_alias=''

## ----------- ##
## confdefs.h. ##
## ----------- ##

#define PACKAGE_NAME "Parafly"
#define PACKAGE_TARNAME "parafly"
#define PACKAGE_VERSION "0.1"
#define PACKAGE_STRING "Parafly 0.1"
#define PACKAGE_BUGREPORT "bug-report@address"
#define PACKAGE "parafly"
#define VERSION "0.1"

configure: exit 0
