Component 0
0	-1	0	TAAAGGGGATCATGGTCTGAACGG	0
1	0	1	AAAGGGGATCATGGTCTGAACGGA	0
2	1	1	AAGGGGATCATGGTCTGAACGGAA	0
3	2	1	AGGGGATCATGGTCTGAACGGAAG	0
4	3	4	GGGGATCATGGTCTGAACGGAAGT	0
5	4	9	GGGATCATGGTCTGAACGGAAGTT	0
6	5	10	GGATCATGGTCTGAACGGAAGTTC	0
7	6	11	GATCATGGTCTGAACGGAAGTTCA	0
8	7	11	ATCATGGTCTGAACGGAAGTTCAT	0
9	8	12	TCATGGTCTGAACGGAAGTTCATG	0
10	9	15	CATGGTCTGAACGGAAGTTCATGA	0
11	10	14	ATGGTCTGAACGGAAGTTCATGAT	0
12	11	14	TGGTCTGAACGGAAGTTCATGATA	0
13	12	13	GGTCTGAACGGAAGTTCATGATAC	0
14	13	13	GTCTGAACGGAAGTTCATGATACC	0
15	14	15	TCTGAACGGAAGTTCATGATACCT	0
16	15	16	CTGAACGGAAGTTCATGATACCTA	0
17	16	16	TGAACGGAAGTTCATGATACCTAG	0
18	17	18	GAACGGAAGTTCATGATACCTAGA	0
19	18	19	AACGGAAGTTCATGATACCTAGAA	0
20	19	20	ACGGAAGTTCATGATACCTAGAAT	0
21	20	20	CGGAAGTTCATGATACCTAGAATA	0
22	21	20	GGAAGTTCATGATACCTAGAATAA	0
23	22	20	GAAGTTCATGATACCTAGAATAAT	0
24	23	21	AAGTTCATGATACCTAGAATAATA	0
25	24	21	AGTTCATGATACCTAGAATAATAA	0
26	25	21	GTTCATGATACCTAGAATAATAAT	0
27	26	21	TTCATGATACCTAGAATAATAATT	0
28	27	21	TCATGATACCTAGAATAATAATTA	0
29	28	21	CATGATACCTAGAATAATAATTAT	0
30	29	21	ATGATACCTAGAATAATAATTATG	0
31	30	21	TGATACCTAGAATAATAATTATGA	0
32	31	21	GATACCTAGAATAATAATTATGAT	0
33	32	22	ATACCTAGAATAATAATTATGATA	0
34	33	22	TACCTAGAATAATAATTATGATAT	0
35	34	23	ACCTAGAATAATAATTATGATATG	0
36	35	25	CCTAGAATAATAATTATGATATGA	0
37	36	26	CTAGAATAATAATTATGATATGAT	0
38	37	29	TAGAATAATAATTATGATATGATG	0
39	38	30	AGAATAATAATTATGATATGATGG	0
40	39	29	GAATAATAATTATGATATGATGGT	0
41	40	29	AATAATAATTATGATATGATGGTG	0
42	41	29	ATAATAATTATGATATGATGGTGG	0
43	42	29	TAATAATTATGATATGATGGTGGA	0
44	43	29	AATAATTATGATATGATGGTGGAT	0
45	44	28	ATAATTATGATATGATGGTGGATC	0
46	45	28	TAATTATGATATGATGGTGGATCT	0
47	46	32	AATTATGATATGATGGTGGATCTA	0
48	47	32	ATTATGATATGATGGTGGATCTAG	0
49	48	32	TTATGATATGATGGTGGATCTAGA	0
50	49	32	TATGATATGATGGTGGATCTAGAA	0
51	50	32	ATGATATGATGGTGGATCTAGAAG	0
52	51	31	TGATATGATGGTGGATCTAGAAGA	0
53	52	31	GATATGATGGTGGATCTAGAAGAG	0
54	53	31	ATATGATGGTGGATCTAGAAGAGG	0
55	54	30	TATGATGGTGGATCTAGAAGAGGC	0
56	55	28	ATGATGGTGGATCTAGAAGAGGCA	0
57	56	29	TGATGGTGGATCTAGAAGAGGCAT	0
58	57	27	GATGGTGGATCTAGAAGAGGCATC	0
59	58	29	ATGGTGGATCTAGAAGAGGCATCT	0
60	59	27	TGGTGGATCTAGAAGAGGCATCTG	0
61	60	26	GGTGGATCTAGAAGAGGCATCTGG	0
62	61	30	GTGGATCTAGAAGAGGCATCTGGT	0
63	62	30	TGGATCTAGAAGAGGCATCTGGTA	0
64	63	32	GGATCTAGAAGAGGCATCTGGTAC	0
65	64	31	GATCTAGAAGAGGCATCTGGTACA	0
66	65	31	ATCTAGAAGAGGCATCTGGTACAT	0
67	66	33	TCTAGAAGAGGCATCTGGTACATT	0
68	67	35	CTAGAAGAGGCATCTGGTACATTT	0
69	68	32	TAGAAGAGGCATCTGGTACATTTC	0
70	69	33	AGAAGAGGCATCTGGTACATTTCA	0
71	70	33	GAAGAGGCATCTGGTACATTTCAT	0
72	71	34	AAGAGGCATCTGGTACATTTCATG	0
73	72	34	AGAGGCATCTGGTACATTTCATGG	0
74	73	34	GAGGCATCTGGTACATTTCATGGC	0
75	74	34	AGGCATCTGGTACATTTCATGGCT	0
76	75	35	GGCATCTGGTACATTTCATGGCTG	0
77	76	37	GCATCTGGTACATTTCATGGCTGA	0
78	77	37	CATCTGGTACATTTCATGGCTGAG	0
79	78	37	ATCTGGTACATTTCATGGCTGAGA	0
80	79	37	TCTGGTACATTTCATGGCTGAGAA	0
81	80	38	CTGGTACATTTCATGGCTGAGAAA	0
82	81	40	TGGTACATTTCATGGCTGAGAAAA	0
83	82	38	GGTACATTTCATGGCTGAGAAAAC	0
84	83	38	GTACATTTCATGGCTGAGAAAACA	0
85	84	38	TACATTTCATGGCTGAGAAAACAT	0
86	85	37	ACATTTCATGGCTGAGAAAACATT	0
87	86	36	CATTTCATGGCTGAGAAAACATTT	0
88	87	36	ATTTCATGGCTGAGAAAACATTTT	0
89	88	35	TTTCATGGCTGAGAAAACATTTTT	0
90	89	34	TTCATGGCTGAGAAAACATTTTTG	0
91	90	32	TCATGGCTGAGAAAACATTTTTGA	0
92	91	33	CATGGCTGAGAAAACATTTTTGAT	0
93	92	33	ATGGCTGAGAAAACATTTTTGATG	0
94	93	32	TGGCTGAGAAAACATTTTTGATGG	0
95	94	31	GGCTGAGAAAACATTTTTGATGGT	0
96	95	31	GCTGAGAAAACATTTTTGATGGTT	0
97	96	32	CTGAGAAAACATTTTTGATGGTTT	0
98	97	28	TGAGAAAACATTTTTGATGGTTTG	0
99	98	28	GAGAAAACATTTTTGATGGTTTGA	0
100	99	29	AGAAAACATTTTTGATGGTTTGAT	0
101	100	30	GAAAACATTTTTGATGGTTTGATG	0
102	101	31	AAAACATTTTTGATGGTTTGATGA	0
103	102	31	AAACATTTTTGATGGTTTGATGAA	0
104	103	26	AACATTTTTGATGGTTTGATGAAC	0
105	104	25	ACATTTTTGATGGTTTGATGAACC	0
106	105	24	CATTTTTGATGGTTTGATGAACCA	0
107	106	23	ATTTTTGATGGTTTGATGAACCAG	0
108	107	22	TTTTTGATGGTTTGATGAACCAGA	0
109	108	21	TTTTGATGGTTTGATGAACCAGAA	0
110	109	19	TTTGATGGTTTGATGAACCAGAAC	0
111	110	19	TTGATGGTTTGATGAACCAGAACA	0
112	111	18	TGATGGTTTGATGAACCAGAACAG	0
113	112	17	GATGGTTTGATGAACCAGAACAGT	0
114	113	17	ATGGTTTGATGAACCAGAACAGTC	0
115	114	17	TGGTTTGATGAACCAGAACAGTCA	0
116	115	19	GGTTTGATGAACCAGAACAGTCAT	0
117	116	18	GTTTGATGAACCAGAACAGTCATT	0
118	117	17	TTTGATGAACCAGAACAGTCATTG	0
119	118	17	TTGATGAACCAGAACAGTCATTGA	0
120	119	17	TGATGAACCAGAACAGTCATTGAT	0
121	120	16	GATGAACCAGAACAGTCATTGATA	0
122	121	16	ATGAACCAGAACAGTCATTGATAT	0
123	122	16	TGAACCAGAACAGTCATTGATATT	0
124	123	18	GAACCAGAACAGTCATTGATATTC	0
125	124	18	AACCAGAACAGTCATTGATATTCT	0
126	125	18	ACCAGAACAGTCATTGATATTCTT	0
127	126	17	CCAGAACAGTCATTGATATTCTTT	0
128	127	19	CAGAACAGTCATTGATATTCTTTA	0
129	128	26	AGAACAGTCATTGATATTCTTTAT	0
130	129	29	GAACAGTCATTGATATTCTTTATA	0
131	130	29	AACAGTCATTGATATTCTTTATAA	0
132	131	29	ACAGTCATTGATATTCTTTATAAG	0
133	132	28	CAGTCATTGATATTCTTTATAAGC	0
134	133	29	AGTCATTGATATTCTTTATAAGCA	0
135	134	29	GTCATTGATATTCTTTATAAGCAT	0
136	135	30	TCATTGATATTCTTTATAAGCATA	0
137	136	30	CATTGATATTCTTTATAAGCATAT	0
138	137	30	ATTGATATTCTTTATAAGCATATT	0
139	138	30	TTGATATTCTTTATAAGCATATTC	0
140	139	29	TGATATTCTTTATAAGCATATTCA	0
141	140	29	GATATTCTTTATAAGCATATTCAA	0
142	141	29	ATATTCTTTATAAGCATATTCAAG	0
143	142	29	TATTCTTTATAAGCATATTCAAGC	0
144	143	30	ATTCTTTATAAGCATATTCAAGCG	0
145	144	30	TTCTTTATAAGCATATTCAAGCGC	0
146	145	30	TCTTTATAAGCATATTCAAGCGCA	0
147	146	30	CTTTATAAGCATATTCAAGCGCAC	0
148	147	28	TTTATAAGCATATTCAAGCGCACT	0
149	148	29	TTATAAGCATATTCAAGCGCACTG	0
150	149	29	TATAAGCATATTCAAGCGCACTGG	0
151	150	29	ATAAGCATATTCAAGCGCACTGGA	0
152	151	28	TAAGCATATTCAAGCGCACTGGAA	0
153	152	27	AAGCATATTCAAGCGCACTGGAAA	0
154	153	27	AGCATATTCAAGCGCACTGGAAAT	0
155	154	25	GCATATTCAAGCGCACTGGAAATG	0
156	155	24	CATATTCAAGCGCACTGGAAATGG	0
157	156	24	ATATTCAAGCGCACTGGAAATGGT	0
158	157	24	TATTCAAGCGCACTGGAAATGGTT	0
159	158	24	ATTCAAGCGCACTGGAAATGGTTT	0
160	159	24	TTCAAGCGCACTGGAAATGGTTTT	0
161	160	23	TCAAGCGCACTGGAAATGGTTTTC	0
162	161	20	CAAGCGCACTGGAAATGGTTTTCA	0
163	162	21	AAGCGCACTGGAAATGGTTTTCAG	0
164	163	20	AGCGCACTGGAAATGGTTTTCAGG	0
165	164	19	GCGCACTGGAAATGGTTTTCAGGT	0
166	165	22	CGCACTGGAAATGGTTTTCAGGTC	0
167	166	24	GCACTGGAAATGGTTTTCAGGTCA	0
168	167	23	CACTGGAAATGGTTTTCAGGTCAT	0
169	168	19	ACTGGAAATGGTTTTCAGGTCATT	0
170	169	19	CTGGAAATGGTTTTCAGGTCATTT	0
171	170	19	TGGAAATGGTTTTCAGGTCATTTT	0
172	171	19	GGAAATGGTTTTCAGGTCATTTTC	0
173	172	19	GAAATGGTTTTCAGGTCATTTTCC	0
174	173	18	AAATGGTTTTCAGGTCATTTTCCA	0
175	174	14	AATGGTTTTCAGGTCATTTTCCAT	0
176	175	11	ATGGTTTTCAGGTCATTTTCCATA	0
177	176	11	TGGTTTTCAGGTCATTTTCCATAC	0
178	177	11	GGTTTTCAGGTCATTTTCCATACT	0
179	178	11	GTTTTCAGGTCATTTTCCATACTC	0
180	179	11	TTTTCAGGTCATTTTCCATACTCT	0
181	180	10	TTTCAGGTCATTTTCCATACTCTT	0
182	181	10	TTCAGGTCATTTTCCATACTCTTT	0
183	182	10	TCAGGTCATTTTCCATACTCTTTG	0
184	183	10	CAGGTCATTTTCCATACTCTTTGC	0
185	184	10	AGGTCATTTTCCATACTCTTTGCC	0
186	185	10	GGTCATTTTCCATACTCTTTGCCC	0
187	186	10	GTCATTTTCCATACTCTTTGCCCA	0
188	187	12	TCATTTTCCATACTCTTTGCCCAG	0
189	188	12	CATTTTCCATACTCTTTGCCCAGT	0
190	189	12	ATTTTCCATACTCTTTGCCCAGTT	0
191	190	12	TTTTCCATACTCTTTGCCCAGTTT	0
192	191	12	TTTCCATACTCTTTGCCCAGTTTT	0
193	192	12	TTCCATACTCTTTGCCCAGTTTTC	0
194	193	12	TCCATACTCTTTGCCCAGTTTTCG	0
195	194	11	CCATACTCTTTGCCCAGTTTTCGA	0
196	195	10	CATACTCTTTGCCCAGTTTTCGAC	0
197	196	10	ATACTCTTTGCCCAGTTTTCGACA	0
198	197	10	TACTCTTTGCCCAGTTTTCGACAT	0
199	198	10	ACTCTTTGCCCAGTTTTCGACATC	0
200	199	9	CTCTTTGCCCAGTTTTCGACATCT	0
201	200	9	TCTTTGCCCAGTTTTCGACATCTC	0
202	201	8	CTTTGCCCAGTTTTCGACATCTCC	0
203	202	8	TTTGCCCAGTTTTCGACATCTCCT	0
204	203	8	TTGCCCAGTTTTCGACATCTCCTA	0
205	204	8	TGCCCAGTTTTCGACATCTCCTAT	0
206	205	8	GCCCAGTTTTCGACATCTCCTATT	0
207	206	14	CCCAGTTTTCGACATCTCCTATTT	0
208	207	15	CCAGTTTTCGACATCTCCTATTTC	0
209	208	21	CAGTTTTCGACATCTCCTATTTCT	0
210	209	24	AGTTTTCGACATCTCCTATTTCTT	0
211	210	23	GTTTTCGACATCTCCTATTTCTTT	0
212	211	24	TTTTCGACATCTCCTATTTCTTTG	0
213	212	24	TTTCGACATCTCCTATTTCTTTGA	0
214	213	24	TTCGACATCTCCTATTTCTTTGAG	0
215	214	24	TCGACATCTCCTATTTCTTTGAGA	0
216	215	24	CGACATCTCCTATTTCTTTGAGAG	0
217	216	22	GACATCTCCTATTTCTTTGAGAGC	0
218	217	22	ACATCTCCTATTTCTTTGAGAGCT	0
219	218	22	CATCTCCTATTTCTTTGAGAGCTC	0
220	219	22	ATCTCCTATTTCTTTGAGAGCTCC	0
221	220	22	TCTCCTATTTCTTTGAGAGCTCCA	0
222	221	22	CTCCTATTTCTTTGAGAGCTCCAT	0
223	222	23	TCCTATTTCTTTGAGAGCTCCATT	0
224	223	23	CCTATTTCTTTGAGAGCTCCATTA	0
225	224	23	CTATTTCTTTGAGAGCTCCATTAA	0
226	225	24	TATTTCTTTGAGAGCTCCATTAAA	0
227	226	24	ATTTCTTTGAGAGCTCCATTAAAA	0
228	227	24	TTTCTTTGAGAGCTCCATTAAAAT	0
229	228	24	TTCTTTGAGAGCTCCATTAAAATT	0
230	229	24	TCTTTGAGAGCTCCATTAAAATTA	0
231	230	24	CTTTGAGAGCTCCATTAAAATTAT	0
232	231	24	TTTGAGAGCTCCATTAAAATTATC	0
233	232	24	TTGAGAGCTCCATTAAAATTATCA	0
234	233	24	TGAGAGCTCCATTAAAATTATCAA	0
235	234	25	GAGAGCTCCATTAAAATTATCAAC	0
236	235	26	AGAGCTCCATTAAAATTATCAACA	0
237	236	26	GAGCTCCATTAAAATTATCAACAA	0
238	237	25	AGCTCCATTAAAATTATCAACAAG	0
239	238	23	GCTCCATTAAAATTATCAACAAGG	0
240	239	24	CTCCATTAAAATTATCAACAAGGG	0
241	240	25	TCCATTAAAATTATCAACAAGGGA	0
242	241	25	CCATTAAAATTATCAACAAGGGAG	0
243	242	25	CATTAAAATTATCAACAAGGGAGA	0
244	243	28	ATTAAAATTATCAACAAGGGAGAG	0
245	244	29	TTAAAATTATCAACAAGGGAGAGC	0
246	245	29	TAAAATTATCAACAAGGGAGAGCC	0
247	246	29	AAAATTATCAACAAGGGAGAGCCA	0
248	247	31	AAATTATCAACAAGGGAGAGCCAT	0
249	248	33	AATTATCAACAAGGGAGAGCCATT	0
250	249	33	ATTATCAACAAGGGAGAGCCATTG	0
251	250	33	TTATCAACAAGGGAGAGCCATTGT	0
252	251	34	TATCAACAAGGGAGAGCCATTGTT	0
253	252	34	ATCAACAAGGGAGAGCCATTGTTG	0
254	253	34	TCAACAAGGGAGAGCCATTGTTGA	0
255	254	34	CAACAAGGGAGAGCCATTGTTGAG	0
256	255	37	AACAAGGGAGAGCCATTGTTGAGT	0
257	256	36	ACAAGGGAGAGCCATTGTTGAGTC	0
258	257	31	CAAGGGAGAGCCATTGTTGAGTCT	0
259	258	29	AAGGGAGAGCCATTGTTGAGTCTG	0
260	259	22	AGGGAGAGCCATTGTTGAGTCTGC	0
261	260	19	GGGAGAGCCATTGTTGAGTCTGCT	0
262	261	22	GGAGAGCCATTGTTGAGTCTGCTT	0
263	262	22	GAGAGCCATTGTTGAGTCTGCTTA	0
264	263	22	AGAGCCATTGTTGAGTCTGCTTAG	0
265	264	23	GAGCCATTGTTGAGTCTGCTTAGC	0
266	265	23	AGCCATTGTTGAGTCTGCTTAGCA	0
267	266	23	GCCATTGTTGAGTCTGCTTAGCAA	0
268	267	23	CCATTGTTGAGTCTGCTTAGCAAA	0
269	268	25	CATTGTTGAGTCTGCTTAGCAAAA	0
270	269	26	ATTGTTGAGTCTGCTTAGCAAAAG	0
271	270	28	TTGTTGAGTCTGCTTAGCAAAAGT	0
272	271	28	TGTTGAGTCTGCTTAGCAAAAGTA	0
273	272	28	GTTGAGTCTGCTTAGCAAAAGTAA	0
274	273	28	TTGAGTCTGCTTAGCAAAAGTAAG	0
275	274	26	TGAGTCTGCTTAGCAAAAGTAAGG	0
276	275	26	GAGTCTGCTTAGCAAAAGTAAGGG	0
277	276	25	AGTCTGCTTAGCAAAAGTAAGGGC	0
278	277	24	GTCTGCTTAGCAAAAGTAAGGGCA	0
279	278	24	TCTGCTTAGCAAAAGTAAGGGCAC	0
280	279	24	CTGCTTAGCAAAAGTAAGGGCACT	0
281	280	25	TGCTTAGCAAAAGTAAGGGCACTT	0
282	281	25	GCTTAGCAAAAGTAAGGGCACTTT	0
283	282	26	CTTAGCAAAAGTAAGGGCACTTTG	0
284	283	26	TTAGCAAAAGTAAGGGCACTTTGA	0
285	284	27	TAGCAAAAGTAAGGGCACTTTGAT	0
286	285	27	AGCAAAAGTAAGGGCACTTTGATG	0
287	286	28	GCAAAAGTAAGGGCACTTTGATGG	0
288	287	27	CAAAAGTAAGGGCACTTTGATGGA	0
289	288	26	AAAAGTAAGGGCACTTTGATGGAG	0
290	289	26	AAAGTAAGGGCACTTTGATGGAGT	0
291	290	25	AAGTAAGGGCACTTTGATGGAGTA	0
292	291	24	AGTAAGGGCACTTTGATGGAGTAA	0
293	292	24	GTAAGGGCACTTTGATGGAGTAAC	0
294	293	23	TAAGGGCACTTTGATGGAGTAACT	0
295	294	21	AAGGGCACTTTGATGGAGTAACTT	0
296	295	20	AGGGCACTTTGATGGAGTAACTTT	0
297	296	20	GGGCACTTTGATGGAGTAACTTTG	0
298	297	20	GGCACTTTGATGGAGTAACTTTGC	0
299	298	18	GCACTTTGATGGAGTAACTTTGCT	0
300	299	16	CACTTTGATGGAGTAACTTTGCTT	0
301	300	16	ACTTTGATGGAGTAACTTTGCTTC	0
302	301	16	CTTTGATGGAGTAACTTTGCTTCT	0
303	302	16	TTTGATGGAGTAACTTTGCTTCTG	0
304	303	15	TTGATGGAGTAACTTTGCTTCTGC	0
305	304	15	TGATGGAGTAACTTTGCTTCTGCA	0
306	305	13	GATGGAGTAACTTTGCTTCTGCAT	0
307	306	13	ATGGAGTAACTTTGCTTCTGCATC	0
308	307	12	TGGAGTAACTTTGCTTCTGCATCC	0
309	308	11	GGAGTAACTTTGCTTCTGCATCCA	0
310	309	11	GAGTAACTTTGCTTCTGCATCCAG	0
311	310	10	AGTAACTTTGCTTCTGCATCCAGT	0
312	311	10	GTAACTTTGCTTCTGCATCCAGTC	0
313	312	10	TAACTTTGCTTCTGCATCCAGTCG	0
314	313	11	AACTTTGCTTCTGCATCCAGTCGC	0
315	314	11	ACTTTGCTTCTGCATCCAGTCGCT	0
316	315	10	CTTTGCTTCTGCATCCAGTCGCTT	0
317	316	10	TTTGCTTCTGCATCCAGTCGCTTT	0
318	317	9	TTGCTTCTGCATCCAGTCGCTTTT	0
319	318	8	TGCTTCTGCATCCAGTCGCTTTTG	0
320	319	6	GCTTCTGCATCCAGTCGCTTTTGA	0
321	320	6	CTTCTGCATCCAGTCGCTTTTGAT	0
322	321	4	TTCTGCATCCAGTCGCTTTTGATT	0
323	322	4	TCTGCATCCAGTCGCTTTTGATTC	0
324	323	4	CTGCATCCAGTCGCTTTTGATTCA	0
325	324	4	TGCATCCAGTCGCTTTTGATTCAA	0
326	325	4	GCATCCAGTCGCTTTTGATTCAAA	0
327	326	4	CATCCAGTCGCTTTTGATTCAAAT	0
328	327	4	ATCCAGTCGCTTTTGATTCAAATA	0
329	328	4	TCCAGTCGCTTTTGATTCAAATAT	0
330	329	4	CCAGTCGCTTTTGATTCAAATATG	0
331	330	4	CAGTCGCTTTTGATTCAAATATGC	0
332	331	3	AGTCGCTTTTGATTCAAATATGCT	0
333	332	3	GTCGCTTTTGATTCAAATATGCTT	0
334	333	2	TCGCTTTTGATTCAAATATGCTTG	0
335	334	1	CGCTTTTGATTCAAATATGCTTGT	0
336	335	1	GCTTTTGATTCAAATATGCTTGTG	0
337	103	7	AACATTTTTGATGGTTTGATGAAT	0
338	337	6	ACATTTTTGATGGTTTGATGAATC	0
339	338	6	CATTTTTGATGGTTTGATGAATCA	0
340	339	6	ATTTTTGATGGTTTGATGAATCAG	0
341	340	6	TTTTTGATGGTTTGATGAATCAGA	0
342	341	6	TTTTGATGGTTTGATGAATCAGAA	0
343	342	5	TTTGATGGTTTGATGAATCAGAAC	0
344	343	6	TTGATGGTTTGATGAATCAGAACA	0
345	344	6	TGATGGTTTGATGAATCAGAACAG	0
346	345	5	GATGGTTTGATGAATCAGAACAGT	0
347	346	4	ATGGTTTGATGAATCAGAACAGTC	0
348	347	3	TGGTTTGATGAATCAGAACAGTCA	0
349	348	3	GGTTTGATGAATCAGAACAGTCAT	0
350	349	3	GTTTGATGAATCAGAACAGTCATT	0
351	350	4	TTTGATGAATCAGAACAGTCATTG	0
352	351	5	TTGATGAATCAGAACAGTCATTGA	0
353	352	5	TGATGAATCAGAACAGTCATTGAT	0
354	353	5	GATGAATCAGAACAGTCATTGATA	0
355	354	5	ATGAATCAGAACAGTCATTGATAT	0
356	355	6	TGAATCAGAACAGTCATTGATATT	0
357	356	6	GAATCAGAACAGTCATTGATATTC	0
358	357	7	AATCAGAACAGTCATTGATATTCT	0
359	358	7	ATCAGAACAGTCATTGATATTCTT	0
360	359	7	TCAGAACAGTCATTGATATTCTTT	0
128	360	7	CAGAACAGTCATTGATATTCTTTA	0
361	90	1	TCATGGCTGAGAAAACATTTTTGG	0
362	361	1	CATGGCTGAGAAAACATTTTTGGT	0
363	362	1	ATGGCTGAGAAAACATTTTTGGTG	0
364	363	1	TGGCTGAGAAAACATTTTTGGTGG	0
365	364	1	GGCTGAGAAAACATTTTTGGTGGT	0
366	365	1	GCTGAGAAAACATTTTTGGTGGTT	0
367	366	1	CTGAGAAAACATTTTTGGTGGTTT	0
368	367	1	TGAGAAAACATTTTTGGTGGTTTG	0
369	368	1	GAGAAAACATTTTTGGTGGTTTGA	0
370	369	1	AGAAAACATTTTTGGTGGTTTGAT	0
371	370	1	GAAAACATTTTTGGTGGTTTGATG	0
372	371	2	AAAACATTTTTGGTGGTTTGATGA	0
373	372	2	AAACATTTTTGGTGGTTTGATGAA	0
374	373	2	AACATTTTTGGTGGTTTGATGAAC	0
375	374	2	ACATTTTTGGTGGTTTGATGAACC	0
376	375	2	CATTTTTGGTGGTTTGATGAACCA	0
377	376	2	ATTTTTGGTGGTTTGATGAACCAG	0
378	377	2	TTTTTGGTGGTTTGATGAACCAGA	0
379	378	2	TTTTGGTGGTTTGATGAACCAGAA	0
380	379	2	TTTGGTGGTTTGATGAACCAGAAC	0
381	380	2	TTGGTGGTTTGATGAACCAGAACA	0
382	381	2	TGGTGGTTTGATGAACCAGAACAG	0
383	382	2	GGTGGTTTGATGAACCAGAACAGT	0
384	383	2	GTGGTTTGATGAACCAGAACAGTC	0
115	384	2	TGGTTTGATGAACCAGAACAGTCA	0
0	-1	0	TAAAGGGGATCATGGTCTGAACGG	0
1	0	1	AAAGGGGATCATGGTCTGAACGGA	0
2	1	1	AAGGGGATCATGGTCTGAACGGAA	0
3	2	1	AGGGGATCATGGTCTGAACGGAAG	0
4	3	4	GGGGATCATGGTCTGAACGGAAGT	0
5	4	9	GGGATCATGGTCTGAACGGAAGTT	0
6	5	10	GGATCATGGTCTGAACGGAAGTTC	0
7	6	11	GATCATGGTCTGAACGGAAGTTCA	0
8	7	11	ATCATGGTCTGAACGGAAGTTCAT	0
9	8	12	TCATGGTCTGAACGGAAGTTCATG	0
10	9	15	CATGGTCTGAACGGAAGTTCATGA	0
11	10	14	ATGGTCTGAACGGAAGTTCATGAT	0
12	11	14	TGGTCTGAACGGAAGTTCATGATA	0
13	12	13	GGTCTGAACGGAAGTTCATGATAC	0
14	13	13	GTCTGAACGGAAGTTCATGATACC	0
15	14	15	TCTGAACGGAAGTTCATGATACCT	0
16	15	16	CTGAACGGAAGTTCATGATACCTA	0
17	16	16	TGAACGGAAGTTCATGATACCTAG	0
18	17	18	GAACGGAAGTTCATGATACCTAGA	0
19	18	19	AACGGAAGTTCATGATACCTAGAA	0
20	19	20	ACGGAAGTTCATGATACCTAGAAT	0
21	20	20	CGGAAGTTCATGATACCTAGAATA	0
22	21	20	GGAAGTTCATGATACCTAGAATAA	0
23	22	20	GAAGTTCATGATACCTAGAATAAT	0
24	23	21	AAGTTCATGATACCTAGAATAATA	0
25	24	21	AGTTCATGATACCTAGAATAATAA	0
26	25	21	GTTCATGATACCTAGAATAATAAT	0
27	26	21	TTCATGATACCTAGAATAATAATT	0
28	27	21	TCATGATACCTAGAATAATAATTA	0
29	28	21	CATGATACCTAGAATAATAATTAT	0
30	29	21	ATGATACCTAGAATAATAATTATG	0
31	30	21	TGATACCTAGAATAATAATTATGA	0
32	31	21	GATACCTAGAATAATAATTATGAT	0
33	32	22	ATACCTAGAATAATAATTATGATA	0
34	33	22	TACCTAGAATAATAATTATGATAT	0
35	34	23	ACCTAGAATAATAATTATGATATG	0
36	35	25	CCTAGAATAATAATTATGATATGA	0
37	36	26	CTAGAATAATAATTATGATATGAT	0
38	37	29	TAGAATAATAATTATGATATGATG	0
39	38	30	AGAATAATAATTATGATATGATGG	0
40	39	29	GAATAATAATTATGATATGATGGT	0
41	40	29	AATAATAATTATGATATGATGGTG	0
42	41	29	ATAATAATTATGATATGATGGTGG	0
43	42	29	TAATAATTATGATATGATGGTGGA	0
44	43	29	AATAATTATGATATGATGGTGGAT	0
45	44	28	ATAATTATGATATGATGGTGGATC	0
46	45	28	TAATTATGATATGATGGTGGATCT	0
47	46	32	AATTATGATATGATGGTGGATCTA	0
48	47	32	ATTATGATATGATGGTGGATCTAG	0
49	48	32	TTATGATATGATGGTGGATCTAGA	0
50	49	32	TATGATATGATGGTGGATCTAGAA	0
51	50	32	ATGATATGATGGTGGATCTAGAAG	0
52	51	31	TGATATGATGGTGGATCTAGAAGA	0
53	52	31	GATATGATGGTGGATCTAGAAGAG	0
54	53	31	ATATGATGGTGGATCTAGAAGAGG	0
55	54	30	TATGATGGTGGATCTAGAAGAGGC	0
56	55	28	ATGATGGTGGATCTAGAAGAGGCA	0
57	56	29	TGATGGTGGATCTAGAAGAGGCAT	0
58	57	27	GATGGTGGATCTAGAAGAGGCATC	0
59	58	29	ATGGTGGATCTAGAAGAGGCATCT	0
60	59	27	TGGTGGATCTAGAAGAGGCATCTG	0
61	60	26	GGTGGATCTAGAAGAGGCATCTGG	0
62	61	30	GTGGATCTAGAAGAGGCATCTGGT	0
63	62	30	TGGATCTAGAAGAGGCATCTGGTA	0
64	63	32	GGATCTAGAAGAGGCATCTGGTAC	0
65	64	31	GATCTAGAAGAGGCATCTGGTACA	0
66	65	31	ATCTAGAAGAGGCATCTGGTACAT	0
67	66	33	TCTAGAAGAGGCATCTGGTACATT	0
68	67	35	CTAGAAGAGGCATCTGGTACATTT	0
69	68	32	TAGAAGAGGCATCTGGTACATTTC	0
70	69	33	AGAAGAGGCATCTGGTACATTTCA	0
71	70	33	GAAGAGGCATCTGGTACATTTCAT	0
72	71	34	AAGAGGCATCTGGTACATTTCATG	0
73	72	34	AGAGGCATCTGGTACATTTCATGG	0
74	73	34	GAGGCATCTGGTACATTTCATGGC	0
75	74	34	AGGCATCTGGTACATTTCATGGCT	0
76	75	35	GGCATCTGGTACATTTCATGGCTG	0
77	76	37	GCATCTGGTACATTTCATGGCTGA	0
78	77	37	CATCTGGTACATTTCATGGCTGAG	0
79	78	37	ATCTGGTACATTTCATGGCTGAGA	0
80	79	37	TCTGGTACATTTCATGGCTGAGAA	0
81	80	38	CTGGTACATTTCATGGCTGAGAAA	0
82	81	40	TGGTACATTTCATGGCTGAGAAAA	0
83	82	38	GGTACATTTCATGGCTGAGAAAAC	0
84	83	38	GTACATTTCATGGCTGAGAAAACA	0
85	84	38	TACATTTCATGGCTGAGAAAACAT	0
86	85	37	ACATTTCATGGCTGAGAAAACATT	0
87	86	36	CATTTCATGGCTGAGAAAACATTT	0
88	87	36	ATTTCATGGCTGAGAAAACATTTT	0
89	88	35	TTTCATGGCTGAGAAAACATTTTT	0
90	89	34	TTCATGGCTGAGAAAACATTTTTG	0
91	90	32	TCATGGCTGAGAAAACATTTTTGA	0
92	91	33	CATGGCTGAGAAAACATTTTTGAT	0
93	92	33	ATGGCTGAGAAAACATTTTTGATG	0
94	93	32	TGGCTGAGAAAACATTTTTGATGG	0
95	94	31	GGCTGAGAAAACATTTTTGATGGT	0
96	95	31	GCTGAGAAAACATTTTTGATGGTT	0
97	96	32	CTGAGAAAACATTTTTGATGGTTT	0
98	97	28	TGAGAAAACATTTTTGATGGTTTG	0
99	98	28	GAGAAAACATTTTTGATGGTTTGA	0
100	99	29	AGAAAACATTTTTGATGGTTTGAT	0
101	100	30	GAAAACATTTTTGATGGTTTGATG	0
102	101	31	AAAACATTTTTGATGGTTTGATGA	0
103	102	31	AAACATTTTTGATGGTTTGATGAA	0
104	103	26	AACATTTTTGATGGTTTGATGAAC	0
105	104	25	ACATTTTTGATGGTTTGATGAACC	0
106	105	24	CATTTTTGATGGTTTGATGAACCA	0
107	106	23	ATTTTTGATGGTTTGATGAACCAG	0
108	107	22	TTTTTGATGGTTTGATGAACCAGA	0
109	108	21	TTTTGATGGTTTGATGAACCAGAA	0
110	109	19	TTTGATGGTTTGATGAACCAGAAC	0
111	110	19	TTGATGGTTTGATGAACCAGAACA	0
112	111	18	TGATGGTTTGATGAACCAGAACAG	0
113	112	17	GATGGTTTGATGAACCAGAACAGT	0
114	113	17	ATGGTTTGATGAACCAGAACAGTC	0
115	114	17	TGGTTTGATGAACCAGAACAGTCA	0
116	115	19	GGTTTGATGAACCAGAACAGTCAT	0
117	116	18	GTTTGATGAACCAGAACAGTCATT	0
118	117	17	TTTGATGAACCAGAACAGTCATTG	0
119	118	17	TTGATGAACCAGAACAGTCATTGA	0
120	119	17	TGATGAACCAGAACAGTCATTGAT	0
121	120	16	GATGAACCAGAACAGTCATTGATA	0
122	121	16	ATGAACCAGAACAGTCATTGATAT	0
123	122	16	TGAACCAGAACAGTCATTGATATT	0
124	123	18	GAACCAGAACAGTCATTGATATTC	0
125	124	18	AACCAGAACAGTCATTGATATTCT	0
126	125	18	ACCAGAACAGTCATTGATATTCTT	0
127	126	17	CCAGAACAGTCATTGATATTCTTT	0
128	127	19	CAGAACAGTCATTGATATTCTTTA	0
129	128	26	AGAACAGTCATTGATATTCTTTAT	0
130	129	29	GAACAGTCATTGATATTCTTTATA	0
131	130	29	AACAGTCATTGATATTCTTTATAA	0
132	131	29	ACAGTCATTGATATTCTTTATAAG	0
133	132	28	CAGTCATTGATATTCTTTATAAGC	0
134	133	29	AGTCATTGATATTCTTTATAAGCA	0
135	134	29	GTCATTGATATTCTTTATAAGCAT	0
136	135	30	TCATTGATATTCTTTATAAGCATA	0
137	136	30	CATTGATATTCTTTATAAGCATAT	0
138	137	30	ATTGATATTCTTTATAAGCATATT	0
139	138	30	TTGATATTCTTTATAAGCATATTC	0
140	139	29	TGATATTCTTTATAAGCATATTCA	0
141	140	29	GATATTCTTTATAAGCATATTCAA	0
142	141	29	ATATTCTTTATAAGCATATTCAAG	0
143	142	29	TATTCTTTATAAGCATATTCAAGC	0
144	143	30	ATTCTTTATAAGCATATTCAAGCG	0
145	144	30	TTCTTTATAAGCATATTCAAGCGC	0
146	145	30	TCTTTATAAGCATATTCAAGCGCA	0
147	146	30	CTTTATAAGCATATTCAAGCGCAC	0
148	147	28	TTTATAAGCATATTCAAGCGCACT	0
149	148	29	TTATAAGCATATTCAAGCGCACTG	0
150	149	29	TATAAGCATATTCAAGCGCACTGG	0
151	150	29	ATAAGCATATTCAAGCGCACTGGA	0
152	151	28	TAAGCATATTCAAGCGCACTGGAA	0
153	152	27	AAGCATATTCAAGCGCACTGGAAA	0
154	153	27	AGCATATTCAAGCGCACTGGAAAT	0
155	154	25	GCATATTCAAGCGCACTGGAAATG	0
156	155	24	CATATTCAAGCGCACTGGAAATGG	0
157	156	24	ATATTCAAGCGCACTGGAAATGGT	0
158	157	24	TATTCAAGCGCACTGGAAATGGTT	0
159	158	24	ATTCAAGCGCACTGGAAATGGTTT	0
160	159	24	TTCAAGCGCACTGGAAATGGTTTT	0
161	160	23	TCAAGCGCACTGGAAATGGTTTTC	0
162	161	20	CAAGCGCACTGGAAATGGTTTTCA	0
163	162	21	AAGCGCACTGGAAATGGTTTTCAG	0
164	163	20	AGCGCACTGGAAATGGTTTTCAGG	0
165	164	19	GCGCACTGGAAATGGTTTTCAGGT	0
166	165	22	CGCACTGGAAATGGTTTTCAGGTC	0
167	166	24	GCACTGGAAATGGTTTTCAGGTCA	0
168	167	23	CACTGGAAATGGTTTTCAGGTCAT	0
169	168	19	ACTGGAAATGGTTTTCAGGTCATT	0
170	169	19	CTGGAAATGGTTTTCAGGTCATTT	0
171	170	19	TGGAAATGGTTTTCAGGTCATTTT	0
172	171	19	GGAAATGGTTTTCAGGTCATTTTC	0
173	172	19	GAAATGGTTTTCAGGTCATTTTCC	0
174	173	18	AAATGGTTTTCAGGTCATTTTCCA	0
175	174	14	AATGGTTTTCAGGTCATTTTCCAT	0
176	175	11	ATGGTTTTCAGGTCATTTTCCATA	0
177	176	11	TGGTTTTCAGGTCATTTTCCATAC	0
178	177	11	GGTTTTCAGGTCATTTTCCATACT	0
179	178	11	GTTTTCAGGTCATTTTCCATACTC	0
180	179	11	TTTTCAGGTCATTTTCCATACTCT	0
181	180	10	TTTCAGGTCATTTTCCATACTCTT	0
182	181	10	TTCAGGTCATTTTCCATACTCTTT	0
183	182	10	TCAGGTCATTTTCCATACTCTTTG	0
184	183	10	CAGGTCATTTTCCATACTCTTTGC	0
185	184	10	AGGTCATTTTCCATACTCTTTGCC	0
186	185	10	GGTCATTTTCCATACTCTTTGCCC	0
187	186	10	GTCATTTTCCATACTCTTTGCCCA	0
188	187	12	TCATTTTCCATACTCTTTGCCCAG	0
189	188	12	CATTTTCCATACTCTTTGCCCAGT	0
190	189	12	ATTTTCCATACTCTTTGCCCAGTT	0
191	190	12	TTTTCCATACTCTTTGCCCAGTTT	0
192	191	12	TTTCCATACTCTTTGCCCAGTTTT	0
193	192	12	TTCCATACTCTTTGCCCAGTTTTC	0
194	193	12	TCCATACTCTTTGCCCAGTTTTCG	0
195	194	11	CCATACTCTTTGCCCAGTTTTCGA	0
196	195	10	CATACTCTTTGCCCAGTTTTCGAC	0
197	196	10	ATACTCTTTGCCCAGTTTTCGACA	0
198	197	10	TACTCTTTGCCCAGTTTTCGACAT	0
199	198	10	ACTCTTTGCCCAGTTTTCGACATC	0
200	199	9	CTCTTTGCCCAGTTTTCGACATCT	0
201	200	9	TCTTTGCCCAGTTTTCGACATCTC	0
202	201	8	CTTTGCCCAGTTTTCGACATCTCC	0
203	202	8	TTTGCCCAGTTTTCGACATCTCCT	0
204	203	8	TTGCCCAGTTTTCGACATCTCCTA	0
205	204	8	TGCCCAGTTTTCGACATCTCCTAT	0
206	205	8	GCCCAGTTTTCGACATCTCCTATT	0
207	206	14	CCCAGTTTTCGACATCTCCTATTT	0
208	207	15	CCAGTTTTCGACATCTCCTATTTC	0
209	208	21	CAGTTTTCGACATCTCCTATTTCT	0
210	209	24	AGTTTTCGACATCTCCTATTTCTT	0
211	210	23	GTTTTCGACATCTCCTATTTCTTT	0
212	211	24	TTTTCGACATCTCCTATTTCTTTG	0
213	212	24	TTTCGACATCTCCTATTTCTTTGA	0
214	213	24	TTCGACATCTCCTATTTCTTTGAG	0
215	214	24	TCGACATCTCCTATTTCTTTGAGA	0
216	215	24	CGACATCTCCTATTTCTTTGAGAG	0
217	216	22	GACATCTCCTATTTCTTTGAGAGC	0
218	217	22	ACATCTCCTATTTCTTTGAGAGCT	0
219	218	22	CATCTCCTATTTCTTTGAGAGCTC	0
220	219	22	ATCTCCTATTTCTTTGAGAGCTCC	0
221	220	22	TCTCCTATTTCTTTGAGAGCTCCA	0
222	221	22	CTCCTATTTCTTTGAGAGCTCCAT	0
223	222	23	TCCTATTTCTTTGAGAGCTCCATT	0
224	223	23	CCTATTTCTTTGAGAGCTCCATTA	0
225	224	23	CTATTTCTTTGAGAGCTCCATTAA	0
226	225	24	TATTTCTTTGAGAGCTCCATTAAA	0
227	226	24	ATTTCTTTGAGAGCTCCATTAAAA	0
228	227	24	TTTCTTTGAGAGCTCCATTAAAAT	0
229	228	24	TTCTTTGAGAGCTCCATTAAAATT	0
230	229	24	TCTTTGAGAGCTCCATTAAAATTA	0
231	230	24	CTTTGAGAGCTCCATTAAAATTAT	0
232	231	24	TTTGAGAGCTCCATTAAAATTATC	0
233	232	24	TTGAGAGCTCCATTAAAATTATCA	0
234	233	24	TGAGAGCTCCATTAAAATTATCAA	0
235	234	25	GAGAGCTCCATTAAAATTATCAAC	0
236	235	26	AGAGCTCCATTAAAATTATCAACA	0
237	236	26	GAGCTCCATTAAAATTATCAACAA	0
238	237	25	AGCTCCATTAAAATTATCAACAAG	0
239	238	23	GCTCCATTAAAATTATCAACAAGG	0
240	239	24	CTCCATTAAAATTATCAACAAGGG	0
241	240	25	TCCATTAAAATTATCAACAAGGGA	0
242	241	25	CCATTAAAATTATCAACAAGGGAG	0
243	242	25	CATTAAAATTATCAACAAGGGAGA	0
244	243	28	ATTAAAATTATCAACAAGGGAGAG	0
245	244	29	TTAAAATTATCAACAAGGGAGAGC	0
246	245	29	TAAAATTATCAACAAGGGAGAGCC	0
247	246	29	AAAATTATCAACAAGGGAGAGCCA	0
248	247	31	AAATTATCAACAAGGGAGAGCCAT	0
249	248	33	AATTATCAACAAGGGAGAGCCATT	0
250	249	33	ATTATCAACAAGGGAGAGCCATTG	0
251	250	33	TTATCAACAAGGGAGAGCCATTGT	0
252	251	34	TATCAACAAGGGAGAGCCATTGTT	0
253	252	34	ATCAACAAGGGAGAGCCATTGTTG	0
254	253	34	TCAACAAGGGAGAGCCATTGTTGA	0
255	254	34	CAACAAGGGAGAGCCATTGTTGAG	0
256	255	37	AACAAGGGAGAGCCATTGTTGAGT	0
257	256	36	ACAAGGGAGAGCCATTGTTGAGTC	0
258	257	31	CAAGGGAGAGCCATTGTTGAGTCT	0
259	258	29	AAGGGAGAGCCATTGTTGAGTCTG	0
260	259	22	AGGGAGAGCCATTGTTGAGTCTGC	0
261	260	19	GGGAGAGCCATTGTTGAGTCTGCT	0
262	261	22	GGAGAGCCATTGTTGAGTCTGCTT	0
263	262	22	GAGAGCCATTGTTGAGTCTGCTTA	0
264	263	22	AGAGCCATTGTTGAGTCTGCTTAG	0
265	264	23	GAGCCATTGTTGAGTCTGCTTAGC	0
266	265	23	AGCCATTGTTGAGTCTGCTTAGCA	0
267	266	23	GCCATTGTTGAGTCTGCTTAGCAA	0
268	267	23	CCATTGTTGAGTCTGCTTAGCAAA	0
269	268	25	CATTGTTGAGTCTGCTTAGCAAAA	0
270	269	26	ATTGTTGAGTCTGCTTAGCAAAAG	0
271	270	28	TTGTTGAGTCTGCTTAGCAAAAGT	0
272	271	28	TGTTGAGTCTGCTTAGCAAAAGTA	0
273	272	28	GTTGAGTCTGCTTAGCAAAAGTAA	0
274	273	28	TTGAGTCTGCTTAGCAAAAGTAAG	0
275	274	26	TGAGTCTGCTTAGCAAAAGTAAGG	0
276	275	26	GAGTCTGCTTAGCAAAAGTAAGGG	0
277	276	25	AGTCTGCTTAGCAAAAGTAAGGGC	0
278	277	24	GTCTGCTTAGCAAAAGTAAGGGCA	0
279	278	24	TCTGCTTAGCAAAAGTAAGGGCAC	0
280	279	24	CTGCTTAGCAAAAGTAAGGGCACT	0
281	280	25	TGCTTAGCAAAAGTAAGGGCACTT	0
282	281	25	GCTTAGCAAAAGTAAGGGCACTTT	0
283	282	26	CTTAGCAAAAGTAAGGGCACTTTG	0
284	283	26	TTAGCAAAAGTAAGGGCACTTTGA	0
285	284	27	TAGCAAAAGTAAGGGCACTTTGAT	0
286	285	27	AGCAAAAGTAAGGGCACTTTGATG	0
287	286	28	GCAAAAGTAAGGGCACTTTGATGG	0
288	287	27	CAAAAGTAAGGGCACTTTGATGGA	0
289	288	26	AAAAGTAAGGGCACTTTGATGGAG	0
290	289	26	AAAGTAAGGGCACTTTGATGGAGT	0
291	290	25	AAGTAAGGGCACTTTGATGGAGTA	0
292	291	24	AGTAAGGGCACTTTGATGGAGTAA	0
293	292	24	GTAAGGGCACTTTGATGGAGTAAC	0
294	293	23	TAAGGGCACTTTGATGGAGTAACT	0
295	294	21	AAGGGCACTTTGATGGAGTAACTT	0
296	295	20	AGGGCACTTTGATGGAGTAACTTT	0
297	296	20	GGGCACTTTGATGGAGTAACTTTG	0
298	297	20	GGCACTTTGATGGAGTAACTTTGC	0
299	298	18	GCACTTTGATGGAGTAACTTTGCT	0
300	299	16	CACTTTGATGGAGTAACTTTGCTT	0
301	300	16	ACTTTGATGGAGTAACTTTGCTTC	0
302	301	16	CTTTGATGGAGTAACTTTGCTTCT	0
303	302	16	TTTGATGGAGTAACTTTGCTTCTG	0
304	303	15	TTGATGGAGTAACTTTGCTTCTGC	0
305	304	15	TGATGGAGTAACTTTGCTTCTGCA	0
306	305	13	GATGGAGTAACTTTGCTTCTGCAT	0
307	306	13	ATGGAGTAACTTTGCTTCTGCATC	0
308	307	12	TGGAGTAACTTTGCTTCTGCATCC	0
309	308	11	GGAGTAACTTTGCTTCTGCATCCA	0
310	309	11	GAGTAACTTTGCTTCTGCATCCAG	0
311	310	10	AGTAACTTTGCTTCTGCATCCAGT	0
312	311	10	GTAACTTTGCTTCTGCATCCAGTC	0
313	312	10	TAACTTTGCTTCTGCATCCAGTCG	0
314	313	11	AACTTTGCTTCTGCATCCAGTCGC	0
315	314	11	ACTTTGCTTCTGCATCCAGTCGCT	0
316	315	10	CTTTGCTTCTGCATCCAGTCGCTT	0
317	316	10	TTTGCTTCTGCATCCAGTCGCTTT	0
318	317	9	TTGCTTCTGCATCCAGTCGCTTTT	0
319	318	8	TGCTTCTGCATCCAGTCGCTTTTG	0
320	319	6	GCTTCTGCATCCAGTCGCTTTTGA	0
321	320	6	CTTCTGCATCCAGTCGCTTTTGAT	0
322	321	4	TTCTGCATCCAGTCGCTTTTGATT	0
323	322	4	TCTGCATCCAGTCGCTTTTGATTC	0
324	323	4	CTGCATCCAGTCGCTTTTGATTCA	0
325	324	4	TGCATCCAGTCGCTTTTGATTCAA	0
326	325	4	GCATCCAGTCGCTTTTGATTCAAA	0
327	326	4	CATCCAGTCGCTTTTGATTCAAAT	0
328	327	4	ATCCAGTCGCTTTTGATTCAAATA	0
329	328	4	TCCAGTCGCTTTTGATTCAAATAT	0
330	329	4	CCAGTCGCTTTTGATTCAAATATG	0
331	330	4	CAGTCGCTTTTGATTCAAATATGC	0
332	331	3	AGTCGCTTTTGATTCAAATATGCT	0
333	332	3	GTCGCTTTTGATTCAAATATGCTT	0
334	333	2	TCGCTTTTGATTCAAATATGCTTG	0
335	334	1	CGCTTTTGATTCAAATATGCTTGT	0
336	335	1	GCTTTTGATTCAAATATGCTTGTG	0
337	103	7	AACATTTTTGATGGTTTGATGAAT	0
338	337	6	ACATTTTTGATGGTTTGATGAATC	0
339	338	6	CATTTTTGATGGTTTGATGAATCA	0
340	339	6	ATTTTTGATGGTTTGATGAATCAG	0
341	340	6	TTTTTGATGGTTTGATGAATCAGA	0
342	341	6	TTTTGATGGTTTGATGAATCAGAA	0
343	342	5	TTTGATGGTTTGATGAATCAGAAC	0
344	343	6	TTGATGGTTTGATGAATCAGAACA	0
345	344	6	TGATGGTTTGATGAATCAGAACAG	0
346	345	5	GATGGTTTGATGAATCAGAACAGT	0
347	346	4	ATGGTTTGATGAATCAGAACAGTC	0
348	347	3	TGGTTTGATGAATCAGAACAGTCA	0
349	348	3	GGTTTGATGAATCAGAACAGTCAT	0
350	349	3	GTTTGATGAATCAGAACAGTCATT	0
351	350	4	TTTGATGAATCAGAACAGTCATTG	0
352	351	5	TTGATGAATCAGAACAGTCATTGA	0
353	352	5	TGATGAATCAGAACAGTCATTGAT	0
354	353	5	GATGAATCAGAACAGTCATTGATA	0
355	354	5	ATGAATCAGAACAGTCATTGATAT	0
356	355	6	TGAATCAGAACAGTCATTGATATT	0
357	356	6	GAATCAGAACAGTCATTGATATTC	0
358	357	7	AATCAGAACAGTCATTGATATTCT	0
359	358	7	ATCAGAACAGTCATTGATATTCTT	0
360	359	7	TCAGAACAGTCATTGATATTCTTT	0
128	360	7	CAGAACAGTCATTGATATTCTTTA	0
361	90	1	TCATGGCTGAGAAAACATTTTTGG	0
362	361	1	CATGGCTGAGAAAACATTTTTGGT	0
363	362	1	ATGGCTGAGAAAACATTTTTGGTG	0
364	363	1	TGGCTGAGAAAACATTTTTGGTGG	0
365	364	1	GGCTGAGAAAACATTTTTGGTGGT	0
366	365	1	GCTGAGAAAACATTTTTGGTGGTT	0
367	366	1	CTGAGAAAACATTTTTGGTGGTTT	0
368	367	1	TGAGAAAACATTTTTGGTGGTTTG	0
369	368	1	GAGAAAACATTTTTGGTGGTTTGA	0
370	369	1	AGAAAACATTTTTGGTGGTTTGAT	0
371	370	1	GAAAACATTTTTGGTGGTTTGATG	0
372	371	2	AAAACATTTTTGGTGGTTTGATGA	0
373	372	2	AAACATTTTTGGTGGTTTGATGAA	0
374	373	2	AACATTTTTGGTGGTTTGATGAAC	0
375	374	2	ACATTTTTGGTGGTTTGATGAACC	0
376	375	2	CATTTTTGGTGGTTTGATGAACCA	0
377	376	2	ATTTTTGGTGGTTTGATGAACCAG	0
378	377	2	TTTTTGGTGGTTTGATGAACCAGA	0
379	378	2	TTTTGGTGGTTTGATGAACCAGAA	0
380	379	2	TTTGGTGGTTTGATGAACCAGAAC	0
381	380	2	TTGGTGGTTTGATGAACCAGAACA	0
382	381	2	TGGTGGTTTGATGAACCAGAACAG	0
383	382	2	GGTGGTTTGATGAACCAGAACAGT	0
384	383	2	GTGGTTTGATGAACCAGAACAGTC	0
115	384	2	TGGTTTGATGAACCAGAACAGTCA	0
