Component 1
380	-1	0	GGCCACACGATGGCTTATCACGTC	1
381	380	2	GCCACACGATGGCTTATCACGTCC	1
382	381	2	CCACACGATGGCTTATCACGTCCA	1
383	382	2	CACACGATGGCTTATCACGTCCAC	1
384	383	2	ACACGATGGCTTATCACGTCCACA	1
385	384	2	CACGATGGCTTATCACGTCCACAT	1
386	385	2	ACGATGGCTTATCACGTCCACATT	1
387	386	2	CGATGGCTTATCACGTCCACATTT	1
388	387	2	GATGGCTTATCACGTCCACATTTC	1
389	388	2	ATGGCTTATCACGTCCACATTTCT	1
390	389	2	TGGCTTATCACGTCCACATTTCTA	1
391	390	2	GGCTTATCACGTCCACATTTCTAC	1
392	391	2	GCTTATCACGTCCACATTTCTACT	1
393	392	2	CTTATCACGTCCACATTTCTACTG	1
394	393	2	TTATCACGTCCACATTTCTACTGG	1
395	394	2	TATCACGTCCACATTTCTACTGGC	1
396	395	2	ATCACGTCCACATTTCTACTGGCT	1
397	396	2	TCACGTCCACATTTCTACTGGCTA	1
398	397	2	CACGTCCACATTTCTACTGGCTAC	1
399	398	2	ACGTCCACATTTCTACTGGCTACA	1
400	399	2	CGTCCACATTTCTACTGGCTACAA	1
401	400	2	GTCCACATTTCTACTGGCTACAAA	1
402	401	4	TCCACATTTCTACTGGCTACAAAC	1
403	402	4	CCACATTTCTACTGGCTACAAACA	1
404	403	4	CACATTTCTACTGGCTACAAACAG	1
405	404	4	ACATTTCTACTGGCTACAAACAGA	1
406	405	4	CATTTCTACTGGCTACAAACAGAC	1
407	406	4	ATTTCTACTGGCTACAAACAGACT	1
408	407	4	TTTCTACTGGCTACAAACAGACTT	1
409	408	4	TTCTACTGGCTACAAACAGACTTC	1
410	409	4	TCTACTGGCTACAAACAGACTTCC	1
411	410	4	CTACTGGCTACAAACAGACTTCCT	1
412	411	6	TACTGGCTACAAACAGACTTCCTC	1
413	412	6	ACTGGCTACAAACAGACTTCCTCA	1
414	413	8	CTGGCTACAAACAGACTTCCTCAA	1
415	414	8	TGGCTACAAACAGACTTCCTCAAG	1
416	415	6	GGCTACAAACAGACTTCCTCAAGC	1
417	416	6	GCTACAAACAGACTTCCTCAAGCC	1
418	417	6	CTACAAACAGACTTCCTCAAGCCT	1
419	418	6	TACAAACAGACTTCCTCAAGCCTC	1
420	419	6	ACAAACAGACTTCCTCAAGCCTCA	1
421	420	6	CAAACAGACTTCCTCAAGCCTCAT	1
422	421	6	AAACAGACTTCCTCAAGCCTCATC	1
423	422	8	AACAGACTTCCTCAAGCCTCATCA	1
424	423	8	ACAGACTTCCTCAAGCCTCATCAG	1
425	424	8	CAGACTTCCTCAAGCCTCATCAGC	1
426	425	8	AGACTTCCTCAAGCCTCATCAGCA	1
427	426	8	GACTTCCTCAAGCCTCATCAGCAA	1
428	427	8	ACTTCCTCAAGCCTCATCAGCAAG	1
429	428	8	CTTCCTCAAGCCTCATCAGCAAGA	1
430	429	8	TTCCTCAAGCCTCATCAGCAAGAA	1
431	430	8	TCCTCAAGCCTCATCAGCAAGAAG	1
432	431	8	CCTCAAGCCTCATCAGCAAGAAGA	1
433	432	6	CTCAAGCCTCATCAGCAAGAAGAA	1
434	433	6	TCAAGCCTCATCAGCAAGAAGAAA	1
435	434	6	CAAGCCTCATCAGCAAGAAGAAAT	1
436	435	6	AAGCCTCATCAGCAAGAAGAAATC	1
437	436	6	AGCCTCATCAGCAAGAAGAAATCT	1
438	437	6	GCCTCATCAGCAAGAAGAAATCTT	1
439	438	6	CCTCATCAGCAAGAAGAAATCTTT	1
440	908	2	CTCATCAGCAAGAAGAAATCTTTC	1
440	439	6	CTCATCAGCAAGAAGAAATCTTTC	1
441	440	8	TCATCAGCAAGAAGAAATCTTTCT	1
442	441	8	CATCAGCAAGAAGAAATCTTTCTT	1
443	442	8	ATCAGCAAGAAGAAATCTTTCTTT	1
444	443	8	TCAGCAAGAAGAAATCTTTCTTTC	1
445	444	8	CAGCAAGAAGAAATCTTTCTTTCC	1
446	445	8	AGCAAGAAGAAATCTTTCTTTCCA	1
447	446	8	GCAAGAAGAAATCTTTCTTTCCAA	1
448	447	8	CAAGAAGAAATCTTTCTTTCCAAG	1
449	448	8	AAGAAGAAATCTTTCTTTCCAAGT	1
450	449	8	AGAAGAAATCTTTCTTTCCAAGTA	1
451	980	2	GAAGAAATCTTTCTTTCCAAGTAG	1
451	450	8	GAAGAAATCTTTCTTTCCAAGTAG	1
452	451	10	AAGAAATCTTTCTTTCCAAGTAGT	1
453	452	10	AGAAATCTTTCTTTCCAAGTAGTG	1
454	453	8	GAAATCTTTCTTTCCAAGTAGTGT	1
455	454	8	AAATCTTTCTTTCCAAGTAGTGTC	1
456	455	8	AATCTTTCTTTCCAAGTAGTGTCT	1
457	456	8	ATCTTTCTTTCCAAGTAGTGTCTT	1
458	457	8	TCTTTCTTTCCAAGTAGTGTCTTA	1
459	458	8	CTTTCTTTCCAAGTAGTGTCTTAA	1
460	459	8	TTTCTTTCCAAGTAGTGTCTTAAC	1
461	460	8	TTCTTTCCAAGTAGTGTCTTAACT	1
462	461	8	TCTTTCCAAGTAGTGTCTTAACTC	1
463	462	8	CTTTCCAAGTAGTGTCTTAACTCA	1
464	463	6	TTTCCAAGTAGTGTCTTAACTCAG	1
465	464	6	TTCCAAGTAGTGTCTTAACTCAGG	1
466	465	4	TCCAAGTAGTGTCTTAACTCAGGA	1
467	466	4	CCAAGTAGTGTCTTAACTCAGGAG	1
468	467	2	CAAGTAGTGTCTTAACTCAGGAGA	1
469	468	2	AAGTAGTGTCTTAACTCAGGAGAT	1
470	469	2	AGTAGTGTCTTAACTCAGGAGATC	1
471	470	2	GTAGTGTCTTAACTCAGGAGATCA	1
472	471	2	TAGTGTCTTAACTCAGGAGATCAT	1
473	472	2	AGTGTCTTAACTCAGGAGATCATG	1
474	473	4	GTGTCTTAACTCAGGAGATCATGG	1
475	474	2	TGTCTTAACTCAGGAGATCATGGT	1
476	475	2	GTCTTAACTCAGGAGATCATGGTA	1
477	476	2	TCTTAACTCAGGAGATCATGGTAG	1
478	477	2	CTTAACTCAGGAGATCATGGTAGG	1
479	478	2	TTAACTCAGGAGATCATGGTAGGG	1
480	479	2	TAACTCAGGAGATCATGGTAGGGA	1
481	480	2	AACTCAGGAGATCATGGTAGGGAA	1
482	481	2	ACTCAGGAGATCATGGTAGGGAAG	1
483	482	2	CTCAGGAGATCATGGTAGGGAAGG	1
484	483	2	TCAGGAGATCATGGTAGGGAAGGG	1
485	484	2	CAGGAGATCATGGTAGGGAAGGGG	1
486	485	4	AGGAGATCATGGTAGGGAAGGGGT	1
487	486	4	GGAGATCATGGTAGGGAAGGGGTC	1
488	487	4	GAGATCATGGTAGGGAAGGGGTCA	1
489	488	4	AGATCATGGTAGGGAAGGGGTCAG	1
490	489	4	GATCATGGTAGGGAAGGGGTCAGG	1
491	490	4	ATCATGGTAGGGAAGGGGTCAGGC	1
492	491	4	TCATGGTAGGGAAGGGGTCAGGCC	1
493	492	4	CATGGTAGGGAAGGGGTCAGGCCA	1
494	493	4	ATGGTAGGGAAGGGGTCAGGCCAC	1
495	494	4	TGGTAGGGAAGGGGTCAGGCCACT	1
496	495	4	GGTAGGGAAGGGGTCAGGCCACTT	1
497	496	4	GTAGGGAAGGGGTCAGGCCACTTC	1
498	497	4	TAGGGAAGGGGTCAGGCCACTTCA	1
499	498	4	AGGGAAGGGGTCAGGCCACTTCAC	1
500	499	4	GGGAAGGGGTCAGGCCACTTCACA	1
501	500	4	GGAAGGGGTCAGGCCACTTCACAA	1
502	501	4	GAAGGGGTCAGGCCACTTCACAAG	1
503	502	6	AAGGGGTCAGGCCACTTCACAAGG	1
504	503	6	AGGGGTCAGGCCACTTCACAAGGA	1
505	504	8	GGGGTCAGGCCACTTCACAAGGAG	1
506	505	8	GGGTCAGGCCACTTCACAAGGAGC	1
507	506	8	GGTCAGGCCACTTCACAAGGAGCA	1
508	507	10	GTCAGGCCACTTCACAAGGAGCAG	1
509	508	10	TCAGGCCACTTCACAAGGAGCAGA	1
510	509	10	CAGGCCACTTCACAAGGAGCAGAG	1
511	510	10	AGGCCACTTCACAAGGAGCAGAGT	1
512	511	10	GGCCACTTCACAAGGAGCAGAGTT	1
513	512	10	GCCACTTCACAAGGAGCAGAGTTA	1
514	513	10	CCACTTCACAAGGAGCAGAGTTAG	1
515	514	10	CACTTCACAAGGAGCAGAGTTAGG	1
516	515	10	ACTTCACAAGGAGCAGAGTTAGGA	1
517	516	10	CTTCACAAGGAGCAGAGTTAGGAA	1
518	517	10	TTCACAAGGAGCAGAGTTAGGAAG	1
519	518	10	TCACAAGGAGCAGAGTTAGGAAGC	1
520	519	10	CACAAGGAGCAGAGTTAGGAAGCT	1
521	520	10	ACAAGGAGCAGAGTTAGGAAGCTC	1
522	521	10	CAAGGAGCAGAGTTAGGAAGCTCC	1
523	522	10	AAGGAGCAGAGTTAGGAAGCTCCC	1
524	523	10	AGGAGCAGAGTTAGGAAGCTCCCT	1
525	524	8	GGAGCAGAGTTAGGAAGCTCCCTG	1
526	525	6	GAGCAGAGTTAGGAAGCTCCCTGA	1
527	526	6	AGCAGAGTTAGGAAGCTCCCTGAG	1
528	527	6	GCAGAGTTAGGAAGCTCCCTGAGC	1
529	528	6	CAGAGTTAGGAAGCTCCCTGAGCA	1
530	529	6	AGAGTTAGGAAGCTCCCTGAGCAC	1
531	530	6	GAGTTAGGAAGCTCCCTGAGCACT	1
532	531	6	AGTTAGGAAGCTCCCTGAGCACTC	1
533	532	6	GTTAGGAAGCTCCCTGAGCACTCT	1
534	533	6	TTAGGAAGCTCCCTGAGCACTCTG	1
535	534	6	TAGGAAGCTCCCTGAGCACTCTGA	1
536	535	6	AGGAAGCTCCCTGAGCACTCTGAA	1
537	536	6	GGAAGCTCCCTGAGCACTCTGAAC	1
538	537	4	GAAGCTCCCTGAGCACTCTGAACC	1
539	538	6	AAGCTCCCTGAGCACTCTGAACCC	1
540	539	6	AGCTCCCTGAGCACTCTGAACCCT	1
541	540	6	GCTCCCTGAGCACTCTGAACCCTG	1
542	541	6	CTCCCTGAGCACTCTGAACCCTGT	1
543	542	6	TCCCTGAGCACTCTGAACCCTGTG	1
544	543	6	CCCTGAGCACTCTGAACCCTGTGA	1
545	544	6	CCTGAGCACTCTGAACCCTGTGAG	1
546	545	6	CTGAGCACTCTGAACCCTGTGAGG	1
547	546	6	TGAGCACTCTGAACCCTGTGAGGC	1
548	547	6	GAGCACTCTGAACCCTGTGAGGCA	1
549	548	6	AGCACTCTGAACCCTGTGAGGCAA	1
549	836	2	AGCACTCTGAACCCTGTGAGGCAA	1
550	549	8	GCACTCTGAACCCTGTGAGGCAAG	1
551	550	8	CACTCTGAACCCTGTGAGGCAAGT	1
552	551	8	ACTCTGAACCCTGTGAGGCAAGTC	1
553	552	8	CTCTGAACCCTGTGAGGCAAGTCC	1
554	553	8	TCTGAACCCTGTGAGGCAAGTCCA	1
555	554	6	CTGAACCCTGTGAGGCAAGTCCAC	1
556	555	6	TGAACCCTGTGAGGCAAGTCCACC	1
557	556	4	GAACCCTGTGAGGCAAGTCCACCA	1
558	557	4	AACCCTGTGAGGCAAGTCCACCAC	1
559	558	4	ACCCTGTGAGGCAAGTCCACCACC	1
560	559	2	CCCTGTGAGGCAAGTCCACCACCA	1
561	560	2	CCTGTGAGGCAAGTCCACCACCAG	1
562	561	2	CTGTGAGGCAAGTCCACCACCAGC	1
563	562	2	TGTGAGGCAAGTCCACCACCAGCG	1
564	563	2	GTGAGGCAAGTCCACCACCAGCGT	1
565	564	2	TGAGGCAAGTCCACCACCAGCGTA	1
566	565	2	GAGGCAAGTCCACCACCAGCGTAT	1
567	566	2	AGGCAAGTCCACCACCAGCGTATC	1
568	567	4	GGCAAGTCCACCACCAGCGTATCT	1
569	568	4	GCAAGTCCACCACCAGCGTATCTA	1
570	569	4	CAAGTCCACCACCAGCGTATCTAG	1
571	570	4	AAGTCCACCACCAGCGTATCTAGA	1
572	571	4	AGTCCACCACCAGCGTATCTAGAC	1
573	572	4	GTCCACCACCAGCGTATCTAGACC	1
574	573	4	TCCACCACCAGCGTATCTAGACCC	1
575	574	4	CCACCACCAGCGTATCTAGACCCA	1
576	575	4	CACCACCAGCGTATCTAGACCCAG	1
577	576	4	ACCACCAGCGTATCTAGACCCAGG	1
578	577	4	CCACCAGCGTATCTAGACCCAGGC	1
579	578	4	CACCAGCGTATCTAGACCCAGGCC	1
580	579	4	ACCAGCGTATCTAGACCCAGGCCA	1
581	580	4	CCAGCGTATCTAGACCCAGGCCAT	1
582	581	4	CAGCGTATCTAGACCCAGGCCATC	1
583	582	4	AGCGTATCTAGACCCAGGCCATCT	1
584	583	4	GCGTATCTAGACCCAGGCCATCTA	1
585	584	4	CGTATCTAGACCCAGGCCATCTAA	1
586	585	4	GTATCTAGACCCAGGCCATCTAAT	1
587	586	4	TATCTAGACCCAGGCCATCTAATA	1
588	587	4	ATCTAGACCCAGGCCATCTAATAA	1
589	588	4	TCTAGACCCAGGCCATCTAATAAA	1
590	589	4	CTAGACCCAGGCCATCTAATAAAG	1
591	590	2	TAGACCCAGGCCATCTAATAAAGG	1
592	591	2	AGACCCAGGCCATCTAATAAAGGA	1
593	592	2	GACCCAGGCCATCTAATAAAGGAA	1
594	593	2	ACCCAGGCCATCTAATAAAGGAAA	1
595	594	2	CCCAGGCCATCTAATAAAGGAAAA	1
596	595	2	CCAGGCCATCTAATAAAGGAAAAC	1
597	596	2	CAGGCCATCTAATAAAGGAAAACT	1
598	597	2	AGGCCATCTAATAAAGGAAAACTG	1
599	598	2	GGCCATCTAATAAAGGAAAACTGC	1
600	599	2	GCCATCTAATAAAGGAAAACTGCA	1
601	600	2	CCATCTAATAAAGGAAAACTGCAT	1
602	601	2	CATCTAATAAAGGAAAACTGCATC	1
603	602	2	ATCTAATAAAGGAAAACTGCATCT	1
604	603	2	TCTAATAAAGGAAAACTGCATCTT	1
605	604	2	CTAATAAAGGAAAACTGCATCTTT	1
606	605	2	TAATAAAGGAAAACTGCATCTTTG	1
607	606	4	AATAAAGGAAAACTGCATCTTTGC	1
608	607	4	ATAAAGGAAAACTGCATCTTTGCC	1
609	608	4	TAAAGGAAAACTGCATCTTTGCCC	1
610	609	4	AAAGGAAAACTGCATCTTTGCCCA	1
611	610	4	AAGGAAAACTGCATCTTTGCCCAC	1
612	611	4	AGGAAAACTGCATCTTTGCCCACA	1
613	612	6	GGAAAACTGCATCTTTGCCCACAT	1
614	613	6	GAAAACTGCATCTTTGCCCACATG	1
615	614	6	AAAACTGCATCTTTGCCCACATGA	1
616	615	6	AAACTGCATCTTTGCCCACATGAT	1
617	616	6	AACTGCATCTTTGCCCACATGATG	1
618	617	6	ACTGCATCTTTGCCCACATGATGC	1
619	618	6	CTGCATCTTTGCCCACATGATGCT	1
620	619	4	TGCATCTTTGCCCACATGATGCTT	1
621	620	4	GCATCTTTGCCCACATGATGCTTG	1
622	621	4	CATCTTTGCCCACATGATGCTTGG	1
623	622	4	ATCTTTGCCCACATGATGCTTGGT	1
624	623	4	TCTTTGCCCACATGATGCTTGGTT	1
625	624	4	CTTTGCCCACATGATGCTTGGTTA	1
626	625	4	TTTGCCCACATGATGCTTGGTTAA	1
627	626	4	TTGCCCACATGATGCTTGGTTAAG	1
628	627	4	TGCCCACATGATGCTTGGTTAAGA	1
629	628	4	GCCCACATGATGCTTGGTTAAGAC	1
630	629	4	CCCACATGATGCTTGGTTAAGACA	1
631	630	4	CCACATGATGCTTGGTTAAGACAA	1
632	631	6	CACATGATGCTTGGTTAAGACAAG	1
633	632	6	ACATGATGCTTGGTTAAGACAAGG	1
634	633	6	CATGATGCTTGGTTAAGACAAGGG	1
635	634	6	ATGATGCTTGGTTAAGACAAGGGG	1
636	635	6	TGATGCTTGGTTAAGACAAGGGGT	1
637	636	6	GATGCTTGGTTAAGACAAGGGGTT	1
638	637	6	ATGCTTGGTTAAGACAAGGGGTTA	1
639	638	6	TGCTTGGTTAAGACAAGGGGTTAG	1
640	639	8	GCTTGGTTAAGACAAGGGGTTAGT	1
641	640	8	CTTGGTTAAGACAAGGGGTTAGTG	1
642	641	8	TTGGTTAAGACAAGGGGTTAGTGA	1
643	642	8	TGGTTAAGACAAGGGGTTAGTGAC	1
644	643	8	GGTTAAGACAAGGGGTTAGTGACA	1
645	644	8	GTTAAGACAAGGGGTTAGTGACAA	1
646	645	8	TTAAGACAAGGGGTTAGTGACAAA	1
647	646	8	TAAGACAAGGGGTTAGTGACAAAG	1
648	647	8	AAGACAAGGGGTTAGTGACAAAGT	1
649	648	8	AGACAAGGGGTTAGTGACAAAGTA	1
650	649	8	GACAAGGGGTTAGTGACAAAGTAA	1
651	650	8	ACAAGGGGTTAGTGACAAAGTAAA	1
652	651	8	CAAGGGGTTAGTGACAAAGTAAAG	1
653	652	8	AAGGGGTTAGTGACAAAGTAAAGA	1
654	653	8	AGGGGTTAGTGACAAAGTAAAGAG	1
655	654	10	GGGGTTAGTGACAAAGTAAAGAGG	1
656	655	10	GGGTTAGTGACAAAGTAAAGAGGA	1
657	656	10	GGTTAGTGACAAAGTAAAGAGGAT	1
658	657	12	GTTAGTGACAAAGTAAAGAGGATG	1
659	658	10	TTAGTGACAAAGTAAAGAGGATGA	1
660	659	10	TAGTGACAAAGTAAAGAGGATGAC	1
661	660	10	AGTGACAAAGTAAAGAGGATGACA	1
662	661	10	GTGACAAAGTAAAGAGGATGACAG	1
663	662	10	TGACAAAGTAAAGAGGATGACAGA	1
664	663	10	GACAAAGTAAAGAGGATGACAGAC	1
665	664	8	ACAAAGTAAAGAGGATGACAGACT	1
666	665	8	CAAAGTAAAGAGGATGACAGACTC	1
667	666	8	AAAGTAAAGAGGATGACAGACTCT	1
668	667	8	AAGTAAAGAGGATGACAGACTCTC	1
669	668	8	AGTAAAGAGGATGACAGACTCTCT	1
670	669	8	GTAAAGAGGATGACAGACTCTCTA	1
671	670	8	TAAAGAGGATGACAGACTCTCTAA	1
672	671	8	AAAGAGGATGACAGACTCTCTAAG	1
673	672	8	AAGAGGATGACAGACTCTCTAAGG	1
674	673	8	AGAGGATGACAGACTCTCTAAGGG	1
675	674	8	GAGGATGACAGACTCTCTAAGGGA	1
676	675	8	AGGATGACAGACTCTCTAAGGGAC	1
677	676	8	GGATGACAGACTCTCTAAGGGACA	1
678	677	8	GATGACAGACTCTCTAAGGGACAT	1
679	678	8	ATGACAGACTCTCTAAGGGACATA	1
680	679	8	TGACAGACTCTCTAAGGGACATAT	1
681	680	10	GACAGACTCTCTAAGGGACATATG	1
682	681	10	ACAGACTCTCTAAGGGACATATGG	1
683	682	10	CAGACTCTCTAAGGGACATATGGG	1
684	683	8	AGACTCTCTAAGGGACATATGGGA	1
685	684	8	GACTCTCTAAGGGACATATGGGAG	1
686	685	8	ACTCTCTAAGGGACATATGGGAGC	1
687	686	8	CTCTCTAAGGGACATATGGGAGCT	1
688	687	8	TCTCTAAGGGACATATGGGAGCTA	1
689	688	6	CTCTAAGGGACATATGGGAGCTAC	1
690	689	6	TCTAAGGGACATATGGGAGCTACA	1
691	690	6	CTAAGGGACATATGGGAGCTACAT	1
692	691	4	TAAGGGACATATGGGAGCTACATA	1
693	692	4	AAGGGACATATGGGAGCTACATAG	1
694	693	4	AGGGACATATGGGAGCTACATAGC	1
695	694	4	GGGACATATGGGAGCTACATAGCC	1
696	695	4	GGACATATGGGAGCTACATAGCCA	1
697	696	6	GACATATGGGAGCTACATAGCCAG	1
698	697	6	ACATATGGGAGCTACATAGCCAGC	1
699	698	6	CATATGGGAGCTACATAGCCAGCC	1
700	699	6	ATATGGGAGCTACATAGCCAGCCC	1
701	700	6	TATGGGAGCTACATAGCCAGCCCC	1
702	701	6	ATGGGAGCTACATAGCCAGCCCCG	1
703	702	6	TGGGAGCTACATAGCCAGCCCCGT	1
704	703	6	GGGAGCTACATAGCCAGCCCCGTG	1
705	704	6	GGAGCTACATAGCCAGCCCCGTGG	1
706	705	6	GAGCTACATAGCCAGCCCCGTGGA	1
707	706	6	AGCTACATAGCCAGCCCCGTGGAG	1
708	707	6	GCTACATAGCCAGCCCCGTGGAGG	1
709	708	6	CTACATAGCCAGCCCCGTGGAGGG	1
710	709	4	TACATAGCCAGCCCCGTGGAGGGA	1
711	710	4	ACATAGCCAGCCCCGTGGAGGGAG	1
712	711	4	CATAGCCAGCCCCGTGGAGGGAGC	1
713	712	4	ATAGCCAGCCCCGTGGAGGGAGCC	1
714	713	4	TAGCCAGCCCCGTGGAGGGAGCCA	1
715	714	4	AGCCAGCCCCGTGGAGGGAGCCAC	1
716	715	4	GCCAGCCCCGTGGAGGGAGCCACC	1
717	716	4	CCAGCCCCGTGGAGGGAGCCACCA	1
717	812	2	CCAGCCCCGTGGAGGGAGCCACCA	1
718	717	6	CAGCCCCGTGGAGGGAGCCACCAG	1
719	718	6	AGCCCCGTGGAGGGAGCCACCAGC	1
720	719	6	GCCCCGTGGAGGGAGCCACCAGCC	1
721	720	6	CCCCGTGGAGGGAGCCACCAGCCA	1
722	721	6	CCCGTGGAGGGAGCCACCAGCCAC	1
723	722	6	CCGTGGAGGGAGCCACCAGCCACA	1
724	723	6	CGTGGAGGGAGCCACCAGCCACAG	1
725	724	6	GTGGAGGGAGCCACCAGCCACAGG	1
726	725	6	TGGAGGGAGCCACCAGCCACAGGT	1
727	726	6	GGAGGGAGCCACCAGCCACAGGTA	1
728	727	6	GAGGGAGCCACCAGCCACAGGTAC	1
729	728	6	AGGGAGCCACCAGCCACAGGTACC	1
730	729	6	GGGAGCCACCAGCCACAGGTACCT	1
731	730	6	GGAGCCACCAGCCACAGGTACCTG	1
732	731	6	GAGCCACCAGCCACAGGTACCTGA	1
733	732	6	AGCCACCAGCCACAGGTACCTGAT	1
734	733	6	GCCACCAGCCACAGGTACCTGATG	1
735	734	6	CCACCAGCCACAGGTACCTGATGG	1
736	735	6	CACCAGCCACAGGTACCTGATGGA	1
737	736	6	ACCAGCCACAGGTACCTGATGGAA	1
738	737	6	CCAGCCACAGGTACCTGATGGAAA	1
739	738	6	CAGCCACAGGTACCTGATGGAAAT	1
740	739	6	AGCCACAGGTACCTGATGGAAATG	1
741	740	6	GCCACAGGTACCTGATGGAAATGC	1
742	741	6	CCACAGGTACCTGATGGAAATGCC	1
743	742	4	CACAGGTACCTGATGGAAATGCCG	1
744	743	4	ACAGGTACCTGATGGAAATGCCGG	1
745	744	4	CAGGTACCTGATGGAAATGCCGGC	1
746	745	4	AGGTACCTGATGGAAATGCCGGCT	1
747	746	4	GGTACCTGATGGAAATGCCGGCTC	1
748	747	4	GTACCTGATGGAAATGCCGGCTCA	1
749	748	2	TACCTGATGGAAATGCCGGCTCAC	1
750	749	2	ACCTGATGGAAATGCCGGCTCACT	1
751	750	2	CCTGATGGAAATGCCGGCTCACTT	1
752	751	2	CTGATGGAAATGCCGGCTCACTTC	1
753	752	2	TGATGGAAATGCCGGCTCACTTCC	1
754	753	2	GATGGAAATGCCGGCTCACTTCCT	1
755	754	2	ATGGAAATGCCGGCTCACTTCCTG	1
756	755	2	TGGAAATGCCGGCTCACTTCCTGT	1
757	756	2	GGAAATGCCGGCTCACTTCCTGTG	1
758	757	2	GAAATGCCGGCTCACTTCCTGTGA	1
786	-1	0	GCTAGGGGAAATAGGGGAGCTCCA	1
787	786	2	CTAGGGGAAATAGGGGAGCTCCAA	1
788	787	2	TAGGGGAAATAGGGGAGCTCCAAA	1
789	788	2	AGGGGAAATAGGGGAGCTCCAAAC	1
790	789	2	GGGGAAATAGGGGAGCTCCAAACC	1
791	790	2	GGGAAATAGGGGAGCTCCAAACCC	1
792	791	2	GGAAATAGGGGAGCTCCAAACCCA	1
793	792	2	GAAATAGGGGAGCTCCAAACCCAG	1
794	793	2	AAATAGGGGAGCTCCAAACCCAGC	1
795	794	2	AATAGGGGAGCTCCAAACCCAGCC	1
796	795	2	ATAGGGGAGCTCCAAACCCAGCCC	1
797	796	2	TAGGGGAGCTCCAAACCCAGCCCC	1
798	797	2	AGGGGAGCTCCAAACCCAGCCCCG	1
799	798	2	GGGGAGCTCCAAACCCAGCCCCGT	1
800	799	2	GGGAGCTCCAAACCCAGCCCCGTG	1
801	800	2	GGAGCTCCAAACCCAGCCCCGTGG	1
802	801	2	GAGCTCCAAACCCAGCCCCGTGGA	1
803	802	2	AGCTCCAAACCCAGCCCCGTGGAG	1
804	803	2	GCTCCAAACCCAGCCCCGTGGAGG	1
805	804	2	CTCCAAACCCAGCCCCGTGGAGGG	1
806	805	2	TCCAAACCCAGCCCCGTGGAGGGA	1
807	806	2	CCAAACCCAGCCCCGTGGAGGGAG	1
808	807	2	CAAACCCAGCCCCGTGGAGGGAGC	1
809	808	2	AAACCCAGCCCCGTGGAGGGAGCC	1
810	809	2	AACCCAGCCCCGTGGAGGGAGCCA	1
811	810	2	ACCCAGCCCCGTGGAGGGAGCCAC	1
812	811	2	CCCAGCCCCGTGGAGGGAGCCACC	1
813	524	2	GGAGCAGAGTTAGGAAGCTCCCTC	1
814	813	2	GAGCAGAGTTAGGAAGCTCCCTCA	1
815	814	2	AGCAGAGTTAGGAAGCTCCCTCAG	1
816	815	2	GCAGAGTTAGGAAGCTCCCTCAGC	1
817	816	2	CAGAGTTAGGAAGCTCCCTCAGCA	1
818	817	2	AGAGTTAGGAAGCTCCCTCAGCAC	1
819	818	2	GAGTTAGGAAGCTCCCTCAGCACT	1
820	819	2	AGTTAGGAAGCTCCCTCAGCACTC	1
821	820	2	GTTAGGAAGCTCCCTCAGCACTCT	1
822	821	2	TTAGGAAGCTCCCTCAGCACTCTG	1
823	822	2	TAGGAAGCTCCCTCAGCACTCTGA	1
824	823	2	AGGAAGCTCCCTCAGCACTCTGAA	1
825	824	2	GGAAGCTCCCTCAGCACTCTGAAC	1
826	825	2	GAAGCTCCCTCAGCACTCTGAACC	1
827	826	2	AAGCTCCCTCAGCACTCTGAACCC	1
828	827	2	AGCTCCCTCAGCACTCTGAACCCT	1
829	828	2	GCTCCCTCAGCACTCTGAACCCTG	1
830	829	2	CTCCCTCAGCACTCTGAACCCTGT	1
831	830	2	TCCCTCAGCACTCTGAACCCTGTG	1
832	831	2	CCCTCAGCACTCTGAACCCTGTGA	1
833	832	2	CCTCAGCACTCTGAACCCTGTGAG	1
834	833	2	CTCAGCACTCTGAACCCTGTGAGG	1
835	834	2	TCAGCACTCTGAACCCTGTGAGGC	1
836	835	2	CAGCACTCTGAACCCTGTGAGGCA	1
885	415	2	GGCTACAAACAGACTTCCTCAAGG	1
886	885	2	GCTACAAACAGACTTCCTCAAGGC	1
887	886	2	CTACAAACAGACTTCCTCAAGGCT	1
888	887	2	TACAAACAGACTTCCTCAAGGCTC	1
889	888	2	ACAAACAGACTTCCTCAAGGCTCA	1
890	889	2	CAAACAGACTTCCTCAAGGCTCAT	1
891	890	2	AAACAGACTTCCTCAAGGCTCATC	1
892	891	2	AACAGACTTCCTCAAGGCTCATCA	1
893	892	2	ACAGACTTCCTCAAGGCTCATCAG	1
894	893	2	CAGACTTCCTCAAGGCTCATCAGC	1
895	894	2	AGACTTCCTCAAGGCTCATCAGCA	1
896	895	2	GACTTCCTCAAGGCTCATCAGCAA	1
897	896	2	ACTTCCTCAAGGCTCATCAGCAAG	1
898	897	2	CTTCCTCAAGGCTCATCAGCAAGA	1
899	898	2	TTCCTCAAGGCTCATCAGCAAGAA	1
900	899	2	TCCTCAAGGCTCATCAGCAAGAAG	1
901	900	2	CCTCAAGGCTCATCAGCAAGAAGA	1
902	901	2	CTCAAGGCTCATCAGCAAGAAGAA	1
903	902	2	TCAAGGCTCATCAGCAAGAAGAAA	1
904	903	2	CAAGGCTCATCAGCAAGAAGAAAT	1
905	904	2	AAGGCTCATCAGCAAGAAGAAATC	1
906	905	2	AGGCTCATCAGCAAGAAGAAATCT	1
907	906	2	GGCTCATCAGCAAGAAGAAATCTT	1
908	907	2	GCTCATCAGCAAGAAGAAATCTTT	1
945	-1	0	AGAATACAAAATGCCTTCCTCCAG	1
946	945	2	GAATACAAAATGCCTTCCTCCAGC	1
947	946	2	AATACAAAATGCCTTCCTCCAGCC	1
948	947	2	ATACAAAATGCCTTCCTCCAGCCT	1
949	948	2	TACAAAATGCCTTCCTCCAGCCTC	1
950	949	2	ACAAAATGCCTTCCTCCAGCCTCA	1
951	950	2	CAAAATGCCTTCCTCCAGCCTCAT	1
952	951	2	AAAATGCCTTCCTCCAGCCTCATC	1
953	952	2	AAATGCCTTCCTCCAGCCTCATCA	1
954	953	2	AATGCCTTCCTCCAGCCTCATCAG	1
955	954	2	ATGCCTTCCTCCAGCCTCATCAGC	1
956	955	2	TGCCTTCCTCCAGCCTCATCAGCA	1
957	956	2	GCCTTCCTCCAGCCTCATCAGCAG	1
958	957	2	CCTTCCTCCAGCCTCATCAGCAGG	1
959	958	2	CTTCCTCCAGCCTCATCAGCAGGA	1
960	959	2	TTCCTCCAGCCTCATCAGCAGGAA	1
961	960	2	TCCTCCAGCCTCATCAGCAGGAAG	1
962	961	2	CCTCCAGCCTCATCAGCAGGAAGA	1
963	962	2	CTCCAGCCTCATCAGCAGGAAGAA	1
964	963	2	TCCAGCCTCATCAGCAGGAAGAAA	1
965	964	2	CCAGCCTCATCAGCAGGAAGAAAT	1
966	965	2	CAGCCTCATCAGCAGGAAGAAATC	1
967	966	2	AGCCTCATCAGCAGGAAGAAATCT	1
968	967	2	GCCTCATCAGCAGGAAGAAATCTT	1
969	968	2	CCTCATCAGCAGGAAGAAATCTTT	1
970	969	2	CTCATCAGCAGGAAGAAATCTTTC	1
971	970	2	TCATCAGCAGGAAGAAATCTTTCT	1
972	971	2	CATCAGCAGGAAGAAATCTTTCTT	1
973	972	2	ATCAGCAGGAAGAAATCTTTCTTT	1
974	973	2	TCAGCAGGAAGAAATCTTTCTTTC	1
975	974	2	CAGCAGGAAGAAATCTTTCTTTCC	1
976	975	2	AGCAGGAAGAAATCTTTCTTTCCA	1
977	976	2	GCAGGAAGAAATCTTTCTTTCCAA	1
978	977	2	CAGGAAGAAATCTTTCTTTCCAAG	1
979	978	2	AGGAAGAAATCTTTCTTTCCAAGT	1
980	979	2	GGAAGAAATCTTTCTTTCCAAGTA	1
